                             latency        interval
transaction       0:               6               7
transaction       1:               5               6
transaction       2:               6               7
transaction       3:               5               6
transaction       4:               6               7
transaction       5:               5               6
transaction       6:               6               7
transaction       7:               5               6
transaction       8:               6               7
transaction       9:               5               6
transaction      10:               6               7
transaction      11:               5               6
transaction      12:               6               7
transaction      13:               5               6
transaction      14:               6               7
transaction      15:               5               6
transaction      16:               6               7
transaction      17:               5               6
transaction      18:               6               7
transaction      19:               5               6
transaction      20:               6               7
transaction      21:               5               6
transaction      22:               6               7
transaction      23:               5               6
transaction      24:               5               6
transaction      25:               5               6
transaction      26:               5               6
transaction      27:               5               6
transaction      28:               5               6
transaction      29:               5               6
transaction      30:               5               6
transaction      31:               5               6
transaction      32:               5               6
transaction      33:               5               6
transaction      34:               5               6
transaction      35:               5               6
transaction      36:               5               6
transaction      37:               5               6
transaction      38:               5               6
transaction      39:               5               6
transaction      40:               5               6
transaction      41:               5               6
transaction      42:               5               6
transaction      43:               5               6
transaction      44:               6               7
transaction      45:               5               6
transaction      46:               5               6
transaction      47:               6               7
transaction      48:               5               6
transaction      49:               5               6
transaction      50:               6               7
transaction      51:               5               6
transaction      52:               5               6
transaction      53:               6               7
transaction      54:               5               6
transaction      55:               5               6
transaction      56:               6               7
transaction      57:               5               6
transaction      58:               5               6
transaction      59:               6               7
transaction      60:               5               6
transaction      61:               5               6
transaction      62:               6               7
transaction      63:               5               6
transaction      64:               6               7
transaction      65:               5               6
transaction      66:               6               7
transaction      67:               5               6
transaction      68:               6               7
transaction      69:               5               6
transaction      70:               6               7
transaction      71:               5               6
transaction      72:               6               7
transaction      73:               5               6
transaction      74:               6               7
transaction      75:               5               6
transaction      76:               6               7
transaction      77:               5               6
transaction      78:               6               7
transaction      79:               5               6
transaction      80:               6               7
transaction      81:               5               6
transaction      82:               6               7
transaction      83:               5               6
transaction      84:               6               7
transaction      85:               5               6
transaction      86:               6               7
transaction      87:               5               6
transaction      88:               6               7
transaction      89:               5               6
transaction      90:               6               7
transaction      91:               5               6
transaction      92:               6               7
transaction      93:               5               6
transaction      94:               6               7
transaction      95:               5               6
transaction      96:               5               6
transaction      97:               5               6
transaction      98:               6               7
transaction      99:               5               6
transaction     100:               5               6
transaction     101:               6               7
transaction     102:               5               x
