================================================================
  Vivado(TM) HLS - High-Level Synthesis from C, C++ and SystemC
  Version 2016.4
  Build 1756540 on Mon Jan 23 19:31:01 MST 2017
  Copyright (C) 1986-2017 Xilinx, Inc. All Rights Reserved.
================================================================
INFO: [HLS 200-10] Running '/opt/Xilinx/Vivado_HLS/2016.4/bin/unwrapped/lnx64.o/vivado_hls'
INFO: [HLS 200-10] For user 'ahrfry' on host 'loki' (Linux_x86_64 version 5.0.0-31-generic) on Thu Oct 17 19:12:30 EDT 2019
INFO: [HLS 200-10] On os Ubuntu 18.04.3 LTS
INFO: [HLS 200-10] In directory '/home/ahrfry/example'
INFO: [HLS 200-10] Opening project '/home/ahrfry/example/example'.
INFO: [HLS 200-10] Adding design file 'example.cpp' to the project
INFO: [HLS 200-10] Adding design file 'hls_helper.h' to the project
INFO: [HLS 200-10] Adding design file 'iot_template.cpp' to the project
INFO: [HLS 200-10] Adding design file 'iot_template.h' to the project
INFO: [HLS 200-10] Adding design file 'topic.cpp' to the project
INFO: [HLS 200-10] Adding design file 'topic.h' to the project
INFO: [HLS 200-10] Adding design file 'udp.cpp' to the project
INFO: [HLS 200-10] Adding design file 'udp.h' to the project
INFO: [HLS 200-10] Adding test bench file 'hlsTb.cpp' to the project
INFO: [HLS 200-10] Opening solution '/home/ahrfry/example/example/ku060_solution'.
INFO: [SYN 201-201] Setting up clock 'default' with a period of 4.6ns.
INFO: [SYN 201-201] Setting up clock 'default' with an uncertainty of 0ns.
INFO: [HLS 200-10] Setting target device to 'xcku060-ffva1156-1l-i'
INFO: [SIM 211-2] *************** CSIM start ***************
INFO: [SIM 211-4] CSIM will launch GCC as the compiler.
   Compiling ../../../../hlsTb.cpp in debug mode
   Compiling ../../../../udp.cpp in debug mode
   Compiling ../../../../topic.cpp in debug mode
   Compiling ../../../../iot_template.cpp in debug mode
   Compiling ../../../../example.cpp in debug mode
   Generating csim.exe
created this
request type 115
created this
request type 115
created this
request type 115
created this
request type 115
created this
request type 115
created this
request type 115
created this
request type 115
created this
request type 115
created this
request type 115
created this
this is a pub
filtered by range
request type 112
created this
this is a pub
filtered by range
request type 112
created this
this is a pub
Not filtered by range
request type 112
created this
this is a pub
filtered by range
request type 112
created this
this is a pub
Not filtered by range
request type 112
created this
this is a pub
filtered by range
request type 112
created this
this is a pub
filtered by range
request type 112
created this
this is a pub
filtered by range
request type 112
created this
this is a pub
Not filtered by range
request type 112
created this
this is a pub
filtered by range
request type 112
created this
this is a pub
filtered by range
request type 112
created this
this is a pub
Not filtered by range
request type 112
created this
this is a pub
filtered by range
request type 112
created this
this is a pub
filtered by range
request type 112
created this
this is a pub
filtered by range
request type 112
created this
this is a pub
Not filtered by range
request type 112
created this
this is a pub
filtered by range
request type 112
created this
this is a pub
Not filtered by range
request type 112
created this
this is a pub
filtered by range
request type 112
created this
this is a pub
filtered by range
request type 112
created this
this is a pub
filtered by range
request type 112
created this
this is a pub
filtered by range
request type 112
created this
this is a pub
filtered by range
request type 112
created this
this is a pub
filtered by range
request type 112
created this
this is a pub
filtered by range
request type 112
created this
this is a pub
filtered by range
request type 112
created this
this is a pub
Not filtered by range
request type 112
created this
this is a pub
filtered by range
request type 112
created this
this is a pub
filtered by range
request type 112
created this
this is a pub
Not filtered by range
request type 112
created this
this is a pub
Not filtered by range
request type 112
created this
this is a pub
filtered by range
request type 112
created this
this is a pub
filtered by range
request type 112
created this
this is a pub
filtered by range
request type 112
created this
this is a pub
Not filtered by range
request type 112
created this
this is a pub
filtered by range
request type 112
created this
this is a pub
filtered by range
request type 112
created this
this is a pub
filtered by range
request type 112
created this
this is a pub
Not filtered by range
request type 112
created this
this is a pub
filtered by range
request type 112
created this
this is a pub
Not filtered by range
request type 112
created this
this is a pub
filtered by range
request type 112
created this
this is a pub
Not filtered by range
request type 112
created this
this is a pub
filtered by range
request type 112
created this
this is a pub
filtered by range
request type 112
created this
this is a pub
filtered by range
request type 112
created this
this is a pub
filtered by range
request type 112
created this
this is a pub
Not filtered by range
request type 112
created this
this is a pub
filtered by range
request type 112
created this
this is a pub
filtered by range
request type 112
created this
this is a pub
filtered by range
request type 112
created this
this is a pub
filtered by range
request type 112
created this
this is a pub
Not filtered by range
request type 112
created this
this is a pub
filtered by range
request type 112
created this
this is a pub
filtered by range
request type 112
created this
this is a pub
filtered by range
request type 112
created this
this is a pub
filtered by range
request type 112
created this
this is a pub
filtered by range
request type 112
created this
this is a pub
filtered by range
request type 112
created this
this is a pub
Not filtered by range
request type 112
created this
this is a pub
filtered by range
request type 112
created this
this is a pub
filtered by range
request type 112
created this
this is a pub
filtered by range
request type 112
created this
this is a pub
Not filtered by range
request type 112
created this
this is a pub
filtered by range
request type 112
created this
this is a pub
Not filtered by range
request type 112
created this
this is a pub
filtered by range
request type 112
created this
this is a pub
filtered by range
request type 112
created this
this is a pub
Not filtered by range
request type 112
created this
this is a pub
filtered by range
request type 112
created this
this is a pub
filtered by range
request type 112
created this
this is a pub
filtered by range
request type 112
created this
this is a pub
filtered by range
request type 112
created this
this is a pub
filtered by range
request type 112
created this
this is a pub
filtered by range
request type 112
created this
this is a pub
filtered by range
request type 112
created this
this is a pub
filtered by range
request type 112
created this
this is a pub
filtered by range
request type 112
created this
this is a pub
filtered by range
request type 112
created this
this is a pub
Not filtered by range
request type 112
created this
this is a pub
Not filtered by range
request type 112
created this
this is a pub
filtered by range
request type 112
created this
this is a pub
Not filtered by range
request type 112
created this
this is a pub
Not filtered by range
request type 112
created this
this is a pub
Not filtered by range
request type 112
created this
this is a pub
Not filtered by range
request type 112
created this
this is a pub
filtered by range
request type 112
created this
this is a pub
Not filtered by range
request type 112
created this
this is a pub
filtered by range
request type 112
created this
this is a pub
filtered by range
request type 112
created this
this is a pub
filtered by range
request type 112
created this
this is a pub
filtered by range
request type 112
created this
this is a pub
filtered by range
request type 112
created this
this is a pub
filtered by range
request type 112
created this
this is a pub
filtered by range
request type 112
created this
this is a pub
Not filtered by range
request type 112
created this
this is a pub
Not filtered by range
request type 112
created this
this is a pub
filtered by range
request type 112
created this
this is a pub
filtered by range
request type 112
created this
this is a pub
filtered by range
request type 112
pub 0 sub 0 filter 0
capture finished
Success: HW and SW results match
INFO: [SIM 211-1] CSim done with 0 errors.
INFO: [SIM 211-3] *************** CSIM finish ***************
INFO: [HLS 200-10] Analyzing design file 'udp.cpp' ... 
INFO: [HLS 200-10] Analyzing design file 'topic.cpp' ... 
