INFO: [SIM 2] *************** CSIM start ***************
INFO: [SIM 4] CSIM will launch GCC as the compiler.
   Compiling ../../../../hlsTb.cpp in debug mode
   Compiling ../../../../udp.cpp in debug mode
   Compiling ../../../../topic.cpp in debug mode
   Compiling ../../../../iot_template.cpp in debug mode
   Compiling ../../../../example.cpp in debug mode
   Generating csim.exe
created this
request type 115
created this
request type 115
created this
request type 115
created this
request type 115
created this
request type 115
created this
request type 115
created this
request type 115
created this
request type 115
created this
request type 115
created this
this is a pub
filtered by range
request type 112
created this
this is a pub
filtered by range
request type 112
created this
this is a pub
Not filtered by range
request type 112
created this
this is a pub
filtered by range
request type 112
created this
this is a pub
Not filtered by range
request type 112
created this
this is a pub
filtered by range
request type 112
created this
this is a pub
filtered by range
request type 112
created this
this is a pub
filtered by range
request type 112
created this
this is a pub
Not filtered by range
request type 112
created this
this is a pub
filtered by range
request type 112
created this
this is a pub
filtered by range
request type 112
created this
this is a pub
Not filtered by range
request type 112
created this
this is a pub
filtered by range
request type 112
created this
this is a pub
filtered by range
request type 112
created this
this is a pub
filtered by range
request type 112
created this
this is a pub
Not filtered by range
request type 112
created this
this is a pub
filtered by range
request type 112
created this
this is a pub
Not filtered by range
request type 112
created this
this is a pub
filtered by range
request type 112
created this
this is a pub
filtered by range
request type 112
created this
this is a pub
filtered by range
request type 112
created this
this is a pub
filtered by range
request type 112
created this
this is a pub
filtered by range
request type 112
created this
this is a pub
filtered by range
request type 112
created this
this is a pub
filtered by range
request type 112
created this
this is a pub
filtered by range
request type 112
created this
this is a pub
Not filtered by range
request type 112
created this
this is a pub
filtered by range
request type 112
created this
this is a pub
filtered by range
request type 112
created this
this is a pub
Not filtered by range
request type 112
created this
this is a pub
Not filtered by range
request type 112
created this
this is a pub
filtered by range
request type 112
created this
this is a pub
filtered by range
request type 112
created this
this is a pub
filtered by range
request type 112
created this
this is a pub
Not filtered by range
request type 112
created this
this is a pub
filtered by range
request type 112
created this
this is a pub
filtered by range
request type 112
created this
this is a pub
filtered by range
request type 112
created this
this is a pub
Not filtered by range
request type 112
created this
this is a pub
filtered by range
request type 112
created this
this is a pub
Not filtered by range
request type 112
created this
this is a pub
filtered by range
request type 112
created this
this is a pub
Not filtered by range
request type 112
created this
this is a pub
filtered by range
request type 112
created this
this is a pub
filtered by range
request type 112
created this
this is a pub
filtered by range
request type 112
created this
this is a pub
filtered by range
request type 112
created this
this is a pub
Not filtered by range
request type 112
created this
this is a pub
filtered by range
request type 112
created this
this is a pub
filtered by range
request type 112
created this
this is a pub
filtered by range
request type 112
created this
this is a pub
filtered by range
request type 112
created this
this is a pub
Not filtered by range
request type 112
created this
this is a pub
filtered by range
request type 112
created this
this is a pub
filtered by range
request type 112
created this
this is a pub
filtered by range
request type 112
created this
this is a pub
filtered by range
request type 112
created this
this is a pub
filtered by range
request type 112
created this
this is a pub
filtered by range
request type 112
created this
this is a pub
Not filtered by range
request type 112
created this
this is a pub
filtered by range
request type 112
created this
this is a pub
filtered by range
request type 112
created this
this is a pub
filtered by range
request type 112
created this
this is a pub
Not filtered by range
request type 112
created this
this is a pub
filtered by range
request type 112
created this
this is a pub
Not filtered by range
request type 112
created this
this is a pub
filtered by range
request type 112
created this
this is a pub
filtered by range
request type 112
created this
this is a pub
Not filtered by range
request type 112
created this
this is a pub
filtered by range
request type 112
created this
this is a pub
filtered by range
request type 112
created this
this is a pub
filtered by range
request type 112
created this
this is a pub
filtered by range
request type 112
created this
this is a pub
filtered by range
request type 112
created this
this is a pub
filtered by range
request type 112
created this
this is a pub
filtered by range
request type 112
created this
this is a pub
filtered by range
request type 112
created this
this is a pub
filtered by range
request type 112
created this
this is a pub
filtered by range
request type 112
created this
this is a pub
Not filtered by range
request type 112
created this
this is a pub
Not filtered by range
request type 112
created this
this is a pub
filtered by range
request type 112
created this
this is a pub
Not filtered by range
request type 112
created this
this is a pub
Not filtered by range
request type 112
created this
this is a pub
Not filtered by range
request type 112
created this
this is a pub
Not filtered by range
request type 112
created this
this is a pub
filtered by range
request type 112
created this
this is a pub
Not filtered by range
request type 112
created this
this is a pub
filtered by range
request type 112
created this
this is a pub
filtered by range
request type 112
created this
this is a pub
filtered by range
request type 112
created this
this is a pub
filtered by range
request type 112
created this
this is a pub
filtered by range
request type 112
created this
this is a pub
filtered by range
request type 112
created this
this is a pub
filtered by range
request type 112
created this
this is a pub
Not filtered by range
request type 112
created this
this is a pub
Not filtered by range
request type 112
created this
this is a pub
filtered by range
request type 112
created this
this is a pub
filtered by range
request type 112
created this
this is a pub
filtered by range
request type 112
pub 0 sub 0 filter 0
capture finished
Success: HW and SW results match
INFO: [SIM 1] CSim done with 0 errors.
INFO: [SIM 3] *************** CSIM finish ***************
