@I [HLS-0] Workspace /home/ahrfry/example/example/ku060_solution opened at Thu Oct 17 19:12:30 EDT 2019
@I [HLS-100] Execute     config_clock -quiet -name default -period 4.6 -default=false 
@I [SYN-201] Setting up clock 'default' with a period of 4.6ns.
@I [HLS-100] Command     config_clock returned 0; 0 sec.
@I [HLS-100] Execute     config_clock -quiet -name default -uncertainty 0 
@I [SYN-201] Setting up clock 'default' with an uncertainty of 0ns.
@I [HLS-100] Command     config_clock returned 0; 0 sec.
@I [HLS-100] Execute     open_platform DefaultPlatform 
@I [HLS-100] Command     open_platform returned 0; 0 sec.
@I [HLS-100] Execute     import_lib /opt/Xilinx/Vivado_HLS/2016.4/common/technology/xilinx/kintexu/kintexu 
@I [HLS-100] Execute       source /opt/Xilinx/Vivado_HLS/2016.4/common/technology/xilinx/common/xilinx.lib 
@I [HLS-100] Execute         source /opt/Xilinx/Vivado_HLS/2016.4/common/technology/xilinx/interface/xilinx_interface.lib 
@I [HLS-100] Execute           source /opt/Xilinx/Vivado_HLS/2016.4/common/technology/xilinx/interface/plb46.lib 
@I [HLS-100] Command           ap_source returned 0; 0 sec.
@I [HLS-100] Execute           source /opt/Xilinx/Vivado_HLS/2016.4/common/technology/xilinx/interface/fsl.lib 
@I [HLS-100] Command           ap_source returned 0; 0 sec.
@I [HLS-100] Execute           source /opt/Xilinx/Vivado_HLS/2016.4/common/technology/xilinx/interface/axi4.lib 
@I [HLS-100] Command           ap_source returned 0; 0 sec.
@I [HLS-100] Execute           source /opt/Xilinx/Vivado_HLS/2016.4/common/technology/xilinx/interface/maxi.lib 
@I [HLS-100] Command           ap_source returned 0; 0 sec.
@I [HLS-100] Execute           source /opt/Xilinx/Vivado_HLS/2016.4/common/technology/xilinx/interface/saxilite.lib 
@I [HLS-100] Command           ap_source returned 0; 0 sec.
@I [HLS-100] Command         ap_source returned 0; 0 sec.
@I [HLS-100] Execute         source /opt/Xilinx/Vivado_HLS/2016.4/common/technology/xilinx/common/dsp48.lib 
@I [HLS-100] Command         ap_source returned 0; 0 sec.
@I [HLS-100] Execute         source /opt/Xilinx/Vivado_HLS/2016.4/common/technology/xilinx/ip/dds_compiler.lib 
@I [HLS-100] Command         ap_source returned 0; 0 sec.
@I [HLS-100] Execute         source /opt/Xilinx/Vivado_HLS/2016.4/common/technology/xilinx/ip/xfir.lib 
@I [HLS-100] Command         ap_source returned 0; 0 sec.
@I [HLS-100] Execute         source /opt/Xilinx/Vivado_HLS/2016.4/common/technology/xilinx/ip/xfft.lib 
@I [HLS-100] Command         ap_source returned 0; 0 sec.
@I [HLS-100] Command       ap_source returned 0; 0 sec.
@I [HLS-100] Execute       source /opt/Xilinx/Vivado_HLS/2016.4/common/technology/xilinx/common/xilinx_old.lib 
@I [HLS-100] Command       ap_source returned 0; 0 sec.
@I [HLS-100] Execute       source /opt/Xilinx/Vivado_HLS/2016.4/common/technology/xilinx/common/xilinx_vivado.lib 
@I [HLS-100] Command       ap_source returned 0; 0 sec.
@I [HLS-100] Execute       source /opt/Xilinx/Vivado_HLS/2016.4/common/technology/xilinx/common/xilinx.hlp 
@I [HLS-100] Execute         source /opt/Xilinx/Vivado_HLS/2016.4/common/technology/xilinx/common/target_info.tcl 
@I [HLS-100] Command         ap_source returned 0; 0 sec.
@I [HLS-100] Execute         source /opt/Xilinx/Vivado_HLS/2016.4/common/technology/xilinx/interface/xilinx_interface.hlp 
@I [HLS-100] Execute           source /opt/Xilinx/Vivado_HLS/2016.4/common/technology/xilinx/interface/maxi.hlp 
@I [HLS-100] Command           ap_source returned 0; 0 sec.
@I [HLS-100] Execute           source /opt/Xilinx/Vivado_HLS/2016.4/common/technology/xilinx/interface/saxilite.hlp 
@I [HLS-100] Command           ap_source returned 0; 0 sec.
@I [HLS-100] Command         ap_source returned 0; 0 sec.
@I [HLS-100] Execute         source /opt/Xilinx/Vivado_HLS/2016.4/common/technology/xilinx/common/dsp48.hlp 
@I [HLS-100] Command         ap_source returned 0; 0 sec.
@I [HLS-100] Command       ap_source returned 0; 0 sec.
@I [HLS-100] Execute       source /opt/Xilinx/Vivado_HLS/2016.4/common/technology/xilinx/kintexu/dsp48e2.hlp 
@I [HLS-100] Command       ap_source returned 0; 0 sec.
@I [HLS-100] Execute       get_default_platform 
@I [HLS-100] Command       get_default_platform returned 0; 0 sec.
@I [HLS-100] Execute       config_chip_info -quiet -resource  {SLICE 30300} {LUT 242400}    {FF 484800} {DSP48E 1920}   {BRAM 1200}  
@I [HLS-100] Command       config_chip_info returned 0; 0 sec.
@I [HLS-100] Execute       config_chip_info -quiet -speed medium 
@I [HLS-100] Command       config_chip_info returned 0; 0 sec.
@I [HLS-100] Command     import_lib returned 0; 0.02 sec.
@I [HLS-100] Execute     source /opt/Xilinx/Vivado_HLS/2016.4/common/technology/xilinx/kintexu/kintexu.gen 
@I [HLS-100] Execute       source /opt/Xilinx/Vivado_HLS/2016.4/common/technology/xilinx/common/virtex.gen 
@I [HLS-100] Execute         source /opt/Xilinx/Vivado_HLS/2016.4/common/technology/xilinx/common/xilinx.gen 
@I [HLS-100] Execute           source /opt/Xilinx/Vivado_HLS/2016.4/common/technology/xilinx/interface/plb46.gen 
@I [HLS-100] Command           ap_source returned 0; 0 sec.
@I [HLS-100] Execute           source /opt/Xilinx/Vivado_HLS/2016.4/common/technology/xilinx/interface/fsl.gen 
@I [HLS-100] Command           ap_source returned 0; 0 sec.
@I [HLS-100] Execute           source /opt/Xilinx/Vivado_HLS/2016.4/common/technology/xilinx/interface/axi4.gen 
@I [HLS-100] Command           ap_source returned 0; 0 sec.
@I [HLS-100] Execute           source /opt/Xilinx/Vivado_HLS/2016.4/common/technology/xilinx/interface/nativeAXI4.gen 
@I [HLS-100] Execute             source /opt/Xilinx/Vivado_HLS/2016.4/common/technology/xilinx/interface/saxilite.gen 
@I [HLS-100] Command             ap_source returned 0; 0 sec.
@I [HLS-100] Execute             source /opt/Xilinx/Vivado_HLS/2016.4/common/technology/xilinx/interface/maxi.gen 
@I [HLS-100] Command             ap_source returned 0; 0.01 sec.
@I [HLS-100] Command           ap_source returned 0; 0.01 sec.
@I [HLS-100] Execute           source /opt/Xilinx/Vivado_HLS/2016.4/common/technology/xilinx/scripts/xilinxcoregen.gen 
@I [HLS-100] Command           ap_source returned 0; 0.01 sec.
@I [HLS-100] Execute           source /opt/Xilinx/Vivado_HLS/2016.4/common/technology/xilinx/interface/XilEDKCoreGen.gen 
@I [HLS-100] Command           ap_source returned 0; 0 sec.
@I [HLS-100] Execute           source /opt/Xilinx/Vivado_HLS/2016.4/common/technology/xilinx/ip/xfir.gen 
@I [HLS-100] Command           ap_source returned 0; 0 sec.
@I [HLS-100] Execute           source /opt/Xilinx/Vivado_HLS/2016.4/common/technology/xilinx/ip/dds_compiler.gen 
@I [HLS-100] Command           ap_source returned 0; 0 sec.
@I [HLS-100] Execute           source /opt/Xilinx/Vivado_HLS/2016.4/common/technology/xilinx/ip/util.gen 
@I [HLS-100] Command           ap_source returned 0; 0 sec.
@I [HLS-100] Execute           source /opt/Xilinx/Vivado_HLS/2016.4/common/technology/xilinx/ip/xfft.gen 
@I [HLS-100] Command           ap_source returned 0; 0.08 sec.
@I [HLS-100] Command         ap_source returned 0; 0.1 sec.
@I [HLS-100] Execute         source /opt/Xilinx/Vivado_HLS/2016.4/common/technology/xilinx/common/dsp48.gen 
@I [HLS-100] Command         ap_source returned 0; 0 sec.
@I [HLS-100] Command       ap_source returned 0; 0.1 sec.
@I [HLS-100] Command     ap_source returned 0; 0.1 sec.
@I [HLS-100] Execute     open_platform DefaultPlatform 
@I [HLS-100] Command     open_platform returned 0; 0 sec.
@I [HLS-100] Execute     import_lib /opt/Xilinx/Vivado_HLS/2016.4/common/technology/xilinx/kintexu/kintexu_fpv7 
@I [HLS-100] Execute       source /opt/Xilinx/Vivado_HLS/2016.4/common/technology/xilinx/common/xilinx_fpv7.lib 
@I [HLS-100] Execute         source /opt/Xilinx/Vivado_HLS/2016.4/common/technology/xilinx/common/xilinx_hp.lib 
@I [HLS-100] Command         ap_source returned 0; 0 sec.
@I [HLS-100] Command       ap_source returned 0; 0.01 sec.
@I [HLS-100] Execute       source /opt/Xilinx/Vivado_HLS/2016.4/common/technology/xilinx/common/xilinx_fpv.hlp 
@I [HLS-100] Execute         source /opt/Xilinx/Vivado_HLS/2016.4/common/technology/xilinx/common/xilinx.hlp 
@I [HLS-100] Execute           source /opt/Xilinx/Vivado_HLS/2016.4/common/technology/xilinx/common/target_info.tcl 
@I [HLS-100] Command           ap_source returned 0; 0 sec.
@I [HLS-100] Execute           source /opt/Xilinx/Vivado_HLS/2016.4/common/technology/xilinx/interface/xilinx_interface.hlp 
@I [HLS-100] Execute             source /opt/Xilinx/Vivado_HLS/2016.4/common/technology/xilinx/interface/maxi.hlp 
@I [HLS-100] Command             ap_source returned 0; 0 sec.
@I [HLS-100] Execute             source /opt/Xilinx/Vivado_HLS/2016.4/common/technology/xilinx/interface/saxilite.hlp 
@I [HLS-100] Command             ap_source returned 0; 0 sec.
@I [HLS-100] Command           ap_source returned 0; 0 sec.
@I [HLS-100] Execute           source /opt/Xilinx/Vivado_HLS/2016.4/common/technology/xilinx/common/dsp48.hlp 
@I [HLS-100] Command           ap_source returned 0; 0 sec.
@I [HLS-100] Command         ap_source returned 0; 0 sec.
@I [HLS-100] Command       ap_source returned 0; 0 sec.
@I [HLS-100] Execute       source /opt/Xilinx/Vivado_HLS/2016.4/common/technology/xilinx/kintexu/kintexu_hp.hlp 
@I [HLS-100] Command       ap_source returned 0; 0 sec.
@I [HLS-100] Command     import_lib returned 0; 0.02 sec.
@I [HLS-100] Execute     source /opt/Xilinx/Vivado_HLS/2016.4/common/technology/xilinx/kintexu/kintexu_fpv7.gen 
@I [HLS-100] Execute       source /opt/Xilinx/Vivado_HLS/2016.4/common/technology/xilinx/common/xilinx_fpv6.gen 
@I [HLS-100] Command       ap_source returned 0; 0 sec.
@I [HLS-100] Command     ap_source returned 0; 0 sec.
@I [HLS-100] Execute     set_part xcku060-ffva1156-1l-i 
@I [HLS-100] Execute       add_library xilinx/kintexu/kintexu:xcku060:-ffva1156:-1l-i 
@I [HLS-100] Execute         get_default_platform 
@I [HLS-100] Command         get_default_platform returned 0; 0 sec.
@I [HLS-100] Execute         license_isbetapart xcku060 
@I [HLS-100] Command         license_isbetapart returned 1; 0.01 sec.
@I [HLS-100] Execute         open_platform DefaultPlatform 
@I [HLS-100] Command         open_platform returned 0; 0 sec.
@I [HLS-100] Execute         import_lib /opt/Xilinx/Vivado_HLS/2016.4/common/technology/xilinx/kintexu/kintexu 
@I [HLS-100] Execute           source /opt/Xilinx/Vivado_HLS/2016.4/common/technology/xilinx/common/xilinx.lib 
@I [HLS-100] Execute             source /opt/Xilinx/Vivado_HLS/2016.4/common/technology/xilinx/interface/xilinx_interface.lib 
@I [HLS-100] Execute               source /opt/Xilinx/Vivado_HLS/2016.4/common/technology/xilinx/interface/plb46.lib 
@I [HLS-100] Command               ap_source returned 0; 0 sec.
@I [HLS-100] Execute               source /opt/Xilinx/Vivado_HLS/2016.4/common/technology/xilinx/interface/fsl.lib 
@I [HLS-100] Command               ap_source returned 0; 0 sec.
@I [HLS-100] Execute               source /opt/Xilinx/Vivado_HLS/2016.4/common/technology/xilinx/interface/axi4.lib 
@I [HLS-100] Command               ap_source returned 0; 0 sec.
@I [HLS-100] Execute               source /opt/Xilinx/Vivado_HLS/2016.4/common/technology/xilinx/interface/maxi.lib 
@I [HLS-100] Command               ap_source returned 0; 0 sec.
@I [HLS-100] Execute               source /opt/Xilinx/Vivado_HLS/2016.4/common/technology/xilinx/interface/saxilite.lib 
@I [HLS-100] Command               ap_source returned 0; 0 sec.
@I [HLS-100] Command             ap_source returned 0; 0 sec.
@I [HLS-100] Execute             source /opt/Xilinx/Vivado_HLS/2016.4/common/technology/xilinx/common/dsp48.lib 
@I [HLS-100] Command             ap_source returned 0; 0 sec.
@I [HLS-100] Execute             source /opt/Xilinx/Vivado_HLS/2016.4/common/technology/xilinx/ip/dds_compiler.lib 
@I [HLS-100] Command             ap_source returned 0; 0 sec.
@I [HLS-100] Execute             source /opt/Xilinx/Vivado_HLS/2016.4/common/technology/xilinx/ip/xfir.lib 
@I [HLS-100] Command             ap_source returned 0; 0 sec.
@I [HLS-100] Execute             source /opt/Xilinx/Vivado_HLS/2016.4/common/technology/xilinx/ip/xfft.lib 
@I [HLS-100] Command             ap_source returned 0; 0 sec.
@I [HLS-100] Command           ap_source returned 0; 0 sec.
@I [HLS-100] Execute           source /opt/Xilinx/Vivado_HLS/2016.4/common/technology/xilinx/common/xilinx_old.lib 
@I [HLS-100] Command           ap_source returned 0; 0 sec.
@I [HLS-100] Execute           source /opt/Xilinx/Vivado_HLS/2016.4/common/technology/xilinx/common/xilinx_vivado.lib 
@I [HLS-100] Command           ap_source returned 0; 0.01 sec.
@I [HLS-100] Execute           source /opt/Xilinx/Vivado_HLS/2016.4/common/technology/xilinx/common/xilinx.hlp 
@I [HLS-100] Execute             source /opt/Xilinx/Vivado_HLS/2016.4/common/technology/xilinx/common/target_info.tcl 
@I [HLS-100] Command             ap_source returned 0; 0 sec.
@I [HLS-100] Execute             source /opt/Xilinx/Vivado_HLS/2016.4/common/technology/xilinx/interface/xilinx_interface.hlp 
@I [HLS-100] Execute               source /opt/Xilinx/Vivado_HLS/2016.4/common/technology/xilinx/interface/maxi.hlp 
@I [HLS-100] Command               ap_source returned 0; 0 sec.
@I [HLS-100] Execute               source /opt/Xilinx/Vivado_HLS/2016.4/common/technology/xilinx/interface/saxilite.hlp 
@I [HLS-100] Command               ap_source returned 0; 0 sec.
@I [HLS-100] Command             ap_source returned 0; 0 sec.
@I [HLS-100] Execute             source /opt/Xilinx/Vivado_HLS/2016.4/common/technology/xilinx/common/dsp48.hlp 
@I [HLS-100] Command             ap_source returned 0; 0 sec.
@I [HLS-100] Command           ap_source returned 0; 0 sec.
@I [HLS-100] Execute           source /opt/Xilinx/Vivado_HLS/2016.4/common/technology/xilinx/kintexu/dsp48e2.hlp 
@I [HLS-100] Command           ap_source returned 0; 0 sec.
@I [HLS-100] Execute           get_default_platform 
@I [HLS-100] Command           get_default_platform returned 0; 0 sec.
@I [HLS-100] Execute           config_chip_info -quiet -resource  {SLICE 30300} {LUT 242400}    {FF 484800} {DSP48E 1920}   {BRAM 1200}  
@I [HLS-100] Command           config_chip_info returned 0; 0 sec.
@I [HLS-100] Execute           config_chip_info -quiet -speed medium 
@I [HLS-100] Command           config_chip_info returned 0; 0 sec.
@I [HLS-100] Command         import_lib returned 0; 0.01 sec.
@I [HLS-100] Execute         source /opt/Xilinx/Vivado_HLS/2016.4/common/technology/xilinx/kintexu/kintexu.gen 
@I [HLS-100] Execute           source /opt/Xilinx/Vivado_HLS/2016.4/common/technology/xilinx/common/virtex.gen 
@I [HLS-100] Execute             source /opt/Xilinx/Vivado_HLS/2016.4/common/technology/xilinx/common/xilinx.gen 
@I [HLS-100] Execute               source /opt/Xilinx/Vivado_HLS/2016.4/common/technology/xilinx/interface/plb46.gen 
@I [HLS-100] Command               ap_source returned 0; 0 sec.
@I [HLS-100] Execute               source /opt/Xilinx/Vivado_HLS/2016.4/common/technology/xilinx/interface/fsl.gen 
@I [HLS-100] Command               ap_source returned 0; 0 sec.
@I [HLS-100] Execute               source /opt/Xilinx/Vivado_HLS/2016.4/common/technology/xilinx/interface/axi4.gen 
@I [HLS-100] Command               ap_source returned 0; 0 sec.
@I [HLS-100] Execute               source /opt/Xilinx/Vivado_HLS/2016.4/common/technology/xilinx/interface/nativeAXI4.gen 
@I [HLS-100] Execute                 source /opt/Xilinx/Vivado_HLS/2016.4/common/technology/xilinx/interface/saxilite.gen 
@I [HLS-100] Command                 ap_source returned 0; 0 sec.
@I [HLS-100] Execute                 source /opt/Xilinx/Vivado_HLS/2016.4/common/technology/xilinx/interface/maxi.gen 
@I [HLS-100] Command                 ap_source returned 0; 0.01 sec.
@I [HLS-100] Command               ap_source returned 0; 0.01 sec.
@I [HLS-100] Execute               source /opt/Xilinx/Vivado_HLS/2016.4/common/technology/xilinx/scripts/xilinxcoregen.gen 
@I [HLS-100] Command               ap_source returned 0; 0.01 sec.
@I [HLS-100] Execute               source /opt/Xilinx/Vivado_HLS/2016.4/common/technology/xilinx/interface/XilEDKCoreGen.gen 
@I [HLS-100] Command               ap_source returned 0; 0 sec.
@I [HLS-100] Execute               source /opt/Xilinx/Vivado_HLS/2016.4/common/technology/xilinx/ip/xfir.gen 
@I [HLS-100] Command               ap_source returned 0; 0 sec.
@I [HLS-100] Execute               source /opt/Xilinx/Vivado_HLS/2016.4/common/technology/xilinx/ip/dds_compiler.gen 
@I [HLS-100] Command               ap_source returned 0; 0.01 sec.
@I [HLS-100] Execute               source /opt/Xilinx/Vivado_HLS/2016.4/common/technology/xilinx/ip/util.gen 
@I [HLS-100] Command               ap_source returned 0; 0 sec.
@I [HLS-100] Execute               source /opt/Xilinx/Vivado_HLS/2016.4/common/technology/xilinx/ip/xfft.gen 
@I [HLS-100] Command               ap_source returned 0; 0.06 sec.
@I [HLS-100] Command             ap_source returned 0; 0.09 sec.
@I [HLS-100] Execute             source /opt/Xilinx/Vivado_HLS/2016.4/common/technology/xilinx/common/dsp48.gen 
@I [HLS-100] Command             ap_source returned 0; 0 sec.
@I [HLS-100] Command           ap_source returned 0; 0.09 sec.
@I [HLS-100] Command         ap_source returned 0; 0.09 sec.
@I [HLS-100] Execute         get_default_platform 
@I [HLS-100] Command         get_default_platform returned 0; 0 sec.
@I [HLS-100] Execute         config_chip_info -quiet -resource  {SLICE 41460} {LUT 331680}    {FF 663360} {DSP48E 2760}   {BRAM 2160}  
@I [HLS-100] Command         config_chip_info returned 0; 0 sec.
@I [HLS-100] Execute         config_chip_info -quiet -speed slow 
@I [HLS-100] Command         config_chip_info returned 0; 0 sec.
@I [HLS-100] Command       add_library returned 0; 0.12 sec.
@I [HLS-100] Execute       add_library xilinx/kintexu/kintexu_fpv7 
@I [HLS-100] Execute         get_default_platform 
@I [HLS-100] Command         get_default_platform returned 0; 0 sec.
@I [HLS-100] Execute         open_platform DefaultPlatform 
@I [HLS-100] Command         open_platform returned 0; 0 sec.
@I [HLS-100] Execute         import_lib /opt/Xilinx/Vivado_HLS/2016.4/common/technology/xilinx/kintexu/kintexu_fpv7 
@I [HLS-100] Execute           source /opt/Xilinx/Vivado_HLS/2016.4/common/technology/xilinx/common/xilinx_fpv7.lib 
@I [HLS-100] Execute             source /opt/Xilinx/Vivado_HLS/2016.4/common/technology/xilinx/common/xilinx_hp.lib 
@I [HLS-100] Command             ap_source returned 0; 0 sec.
@I [HLS-100] Command           ap_source returned 0; 0.01 sec.
@I [HLS-100] Execute           source /opt/Xilinx/Vivado_HLS/2016.4/common/technology/xilinx/common/xilinx_fpv.hlp 
@I [HLS-100] Execute             source /opt/Xilinx/Vivado_HLS/2016.4/common/technology/xilinx/common/xilinx.hlp 
@I [HLS-100] Execute               source /opt/Xilinx/Vivado_HLS/2016.4/common/technology/xilinx/common/target_info.tcl 
@I [HLS-100] Command               ap_source returned 0; 0 sec.
@I [HLS-100] Execute               source /opt/Xilinx/Vivado_HLS/2016.4/common/technology/xilinx/interface/xilinx_interface.hlp 
@I [HLS-100] Execute                 source /opt/Xilinx/Vivado_HLS/2016.4/common/technology/xilinx/interface/maxi.hlp 
@I [HLS-100] Command                 ap_source returned 0; 0 sec.
@I [HLS-100] Execute                 source /opt/Xilinx/Vivado_HLS/2016.4/common/technology/xilinx/interface/saxilite.hlp 
@I [HLS-100] Command                 ap_source returned 0; 0 sec.
@I [HLS-100] Command               ap_source returned 0; 0 sec.
@I [HLS-100] Execute               source /opt/Xilinx/Vivado_HLS/2016.4/common/technology/xilinx/common/dsp48.hlp 
@I [HLS-100] Command               ap_source returned 0; 0 sec.
@I [HLS-100] Command             ap_source returned 0; 0 sec.
@I [HLS-100] Command           ap_source returned 0; 0.01 sec.
@I [HLS-100] Execute           source /opt/Xilinx/Vivado_HLS/2016.4/common/technology/xilinx/kintexu/kintexu_hp.hlp 
@I [HLS-100] Command           ap_source returned 0; 0 sec.
@I [HLS-100] Command         import_lib returned 0; 0.02 sec.
@I [HLS-100] Execute         source /opt/Xilinx/Vivado_HLS/2016.4/common/technology/xilinx/kintexu/kintexu_fpv7.gen 
@I [HLS-100] Execute           source /opt/Xilinx/Vivado_HLS/2016.4/common/technology/xilinx/common/xilinx_fpv6.gen 
@I [HLS-100] Command           ap_source returned 0; 0 sec.
@I [HLS-100] Command         ap_source returned 0; 0 sec.
@I [HLS-100] Command       add_library returned 0; 0.02 sec.
@I [HLS-10] Setting target device to 'xcku060-ffva1156-1l-i'
@I [HLS-100] Command     set_part returned 0; 0.14 sec.
@I [HLS-100] Execute     get_default_platform 
@I [HLS-100] Command     get_default_platform returned 0; 0 sec.
@I [HLS-100] Execute     config_chip_info -quiet -resource  {SLICE 41460} {LUT 331680}    {FF 663360} {DSP48E 2760}   {BRAM 2160}  
@I [HLS-100] Command     config_chip_info returned 0; 0 sec.
@I [HLS-100] Execute     config_chip_info -quiet -speed slow 
@I [HLS-100] Command     config_chip_info returned 0; 0 sec.
@I [HLS-100] Command   open_solution returned 0; 0.28 sec.
@I [HLS-100] Execute   set_part xcku060-ffva1156-1l-i -tool vivado 
@I [HLS-100] Execute     add_library xilinx/kintexu/kintexu:xcku060:-ffva1156:-1l-i 
@I [HLS-100] Execute       get_default_platform 
@I [HLS-100] Command       get_default_platform returned 0; 0 sec.
@I [HLS-100] Execute       license_isbetapart xcku060 
@I [HLS-100] Command       license_isbetapart returned 1; 0 sec.
@I [HLS-100] Execute       open_platform DefaultPlatform 
@I [HLS-100] Command       open_platform returned 0; 0 sec.
@I [HLS-100] Execute       import_lib /opt/Xilinx/Vivado_HLS/2016.4/common/technology/xilinx/kintexu/kintexu 
@I [HLS-100] Execute         source /opt/Xilinx/Vivado_HLS/2016.4/common/technology/xilinx/common/xilinx.lib 
@I [HLS-100] Execute           source /opt/Xilinx/Vivado_HLS/2016.4/common/technology/xilinx/interface/xilinx_interface.lib 
@I [HLS-100] Execute             source /opt/Xilinx/Vivado_HLS/2016.4/common/technology/xilinx/interface/plb46.lib 
@I [HLS-100] Command             ap_source returned 0; 0 sec.
@I [HLS-100] Execute             source /opt/Xilinx/Vivado_HLS/2016.4/common/technology/xilinx/interface/fsl.lib 
@I [HLS-100] Command             ap_source returned 0; 0 sec.
@I [HLS-100] Execute             source /opt/Xilinx/Vivado_HLS/2016.4/common/technology/xilinx/interface/axi4.lib 
@I [HLS-100] Command             ap_source returned 0; 0 sec.
@I [HLS-100] Execute             source /opt/Xilinx/Vivado_HLS/2016.4/common/technology/xilinx/interface/maxi.lib 
@I [HLS-100] Command             ap_source returned 0; 0 sec.
@I [HLS-100] Execute             source /opt/Xilinx/Vivado_HLS/2016.4/common/technology/xilinx/interface/saxilite.lib 
@I [HLS-100] Command             ap_source returned 0; 0 sec.
@I [HLS-100] Command           ap_source returned 0; 0 sec.
@I [HLS-100] Execute           source /opt/Xilinx/Vivado_HLS/2016.4/common/technology/xilinx/common/dsp48.lib 
@I [HLS-100] Command           ap_source returned 0; 0.01 sec.
@I [HLS-100] Execute           source /opt/Xilinx/Vivado_HLS/2016.4/common/technology/xilinx/ip/dds_compiler.lib 
@I [HLS-100] Command           ap_source returned 0; 0 sec.
@I [HLS-100] Execute           source /opt/Xilinx/Vivado_HLS/2016.4/common/technology/xilinx/ip/xfir.lib 
@I [HLS-100] Command           ap_source returned 0; 0 sec.
@I [HLS-100] Execute           source /opt/Xilinx/Vivado_HLS/2016.4/common/technology/xilinx/ip/xfft.lib 
@I [HLS-100] Command           ap_source returned 0; 0 sec.
@I [HLS-100] Command         ap_source returned 0; 0.01 sec.
@I [HLS-100] Execute         source /opt/Xilinx/Vivado_HLS/2016.4/common/technology/xilinx/common/xilinx_old.lib 
@I [HLS-100] Command         ap_source returned 0; 0 sec.
@I [HLS-100] Execute         source /opt/Xilinx/Vivado_HLS/2016.4/common/technology/xilinx/common/xilinx_vivado.lib 
@I [HLS-100] Command         ap_source returned 0; 0 sec.
@I [HLS-100] Execute         source /opt/Xilinx/Vivado_HLS/2016.4/common/technology/xilinx/common/xilinx.hlp 
@I [HLS-100] Execute           source /opt/Xilinx/Vivado_HLS/2016.4/common/technology/xilinx/common/target_info.tcl 
@I [HLS-100] Command           ap_source returned 0; 0 sec.
@I [HLS-100] Execute           source /opt/Xilinx/Vivado_HLS/2016.4/common/technology/xilinx/interface/xilinx_interface.hlp 
@I [HLS-100] Execute             source /opt/Xilinx/Vivado_HLS/2016.4/common/technology/xilinx/interface/maxi.hlp 
@I [HLS-100] Command             ap_source returned 0; 0 sec.
@I [HLS-100] Execute             source /opt/Xilinx/Vivado_HLS/2016.4/common/technology/xilinx/interface/saxilite.hlp 
@I [HLS-100] Command             ap_source returned 0; 0 sec.
@I [HLS-100] Command           ap_source returned 0; 0 sec.
@I [HLS-100] Execute           source /opt/Xilinx/Vivado_HLS/2016.4/common/technology/xilinx/common/dsp48.hlp 
@I [HLS-100] Command           ap_source returned 0; 0 sec.
@I [HLS-100] Command         ap_source returned 0; 0 sec.
@I [HLS-100] Execute         source /opt/Xilinx/Vivado_HLS/2016.4/common/technology/xilinx/kintexu/dsp48e2.hlp 
@I [HLS-100] Command         ap_source returned 0; 0 sec.
@I [HLS-100] Execute         get_default_platform 
@I [HLS-100] Command         get_default_platform returned 0; 0 sec.
@I [HLS-100] Execute         config_chip_info -quiet -resource  {SLICE 30300} {LUT 242400}    {FF 484800} {DSP48E 1920}   {BRAM 1200}  
@I [HLS-100] Command         config_chip_info returned 0; 0 sec.
@I [HLS-100] Execute         config_chip_info -quiet -speed medium 
@I [HLS-100] Command         config_chip_info returned 0; 0 sec.
@I [HLS-100] Command       import_lib returned 0; 0.02 sec.
@I [HLS-100] Execute       source /opt/Xilinx/Vivado_HLS/2016.4/common/technology/xilinx/kintexu/kintexu.gen 
@I [HLS-100] Execute         source /opt/Xilinx/Vivado_HLS/2016.4/common/technology/xilinx/common/virtex.gen 
@I [HLS-100] Execute           source /opt/Xilinx/Vivado_HLS/2016.4/common/technology/xilinx/common/xilinx.gen 
@I [HLS-100] Execute             source /opt/Xilinx/Vivado_HLS/2016.4/common/technology/xilinx/interface/plb46.gen 
@I [HLS-100] Command             ap_source returned 0; 0 sec.
@I [HLS-100] Execute             source /opt/Xilinx/Vivado_HLS/2016.4/common/technology/xilinx/interface/fsl.gen 
@I [HLS-100] Command             ap_source returned 0; 0 sec.
@I [HLS-100] Execute             source /opt/Xilinx/Vivado_HLS/2016.4/common/technology/xilinx/interface/axi4.gen 
@I [HLS-100] Command             ap_source returned 0; 0 sec.
@I [HLS-100] Execute             source /opt/Xilinx/Vivado_HLS/2016.4/common/technology/xilinx/interface/nativeAXI4.gen 
@I [HLS-100] Execute               source /opt/Xilinx/Vivado_HLS/2016.4/common/technology/xilinx/interface/saxilite.gen 
@I [HLS-100] Command               ap_source returned 0; 0 sec.
@I [HLS-100] Execute               source /opt/Xilinx/Vivado_HLS/2016.4/common/technology/xilinx/interface/maxi.gen 
@I [HLS-100] Command               ap_source returned 0; 0.01 sec.
@I [HLS-100] Command             ap_source returned 0; 0.01 sec.
@I [HLS-100] Execute             source /opt/Xilinx/Vivado_HLS/2016.4/common/technology/xilinx/scripts/xilinxcoregen.gen 
@I [HLS-100] Command             ap_source returned 0; 0.01 sec.
@I [HLS-100] Execute             source /opt/Xilinx/Vivado_HLS/2016.4/common/technology/xilinx/interface/XilEDKCoreGen.gen 
@I [HLS-100] Command             ap_source returned 0; 0 sec.
@I [HLS-100] Execute             source /opt/Xilinx/Vivado_HLS/2016.4/common/technology/xilinx/ip/xfir.gen 
@I [HLS-100] Command             ap_source returned 0; 0 sec.
@I [HLS-100] Execute             source /opt/Xilinx/Vivado_HLS/2016.4/common/technology/xilinx/ip/dds_compiler.gen 
@I [HLS-100] Command             ap_source returned 0; 0.01 sec.
@I [HLS-100] Execute             source /opt/Xilinx/Vivado_HLS/2016.4/common/technology/xilinx/ip/util.gen 
@I [HLS-100] Command             ap_source returned 0; 0 sec.
@I [HLS-100] Execute             source /opt/Xilinx/Vivado_HLS/2016.4/common/technology/xilinx/ip/xfft.gen 
@I [HLS-100] Command             ap_source returned 0; 0.06 sec.
@I [HLS-100] Command           ap_source returned 0; 0.09 sec.
@I [HLS-100] Execute           source /opt/Xilinx/Vivado_HLS/2016.4/common/technology/xilinx/common/dsp48.gen 
@I [HLS-100] Command           ap_source returned 0; 0 sec.
@I [HLS-100] Command         ap_source returned 0; 0.1 sec.
@I [HLS-100] Command       ap_source returned 0; 0.1 sec.
@I [HLS-100] Execute       get_default_platform 
@I [HLS-100] Command       get_default_platform returned 0; 0 sec.
@I [HLS-100] Execute       config_chip_info -quiet -resource  {SLICE 41460} {LUT 331680}    {FF 663360} {DSP48E 2760}   {BRAM 2160}  
@I [HLS-100] Command       config_chip_info returned 0; 0 sec.
@I [HLS-100] Execute       config_chip_info -quiet -speed slow 
@I [HLS-100] Command       config_chip_info returned 0; 0 sec.
@I [HLS-100] Command     add_library returned 0; 0.12 sec.
@I [HLS-100] Execute     add_library xilinx/kintexu/kintexu_fpv7 
@I [HLS-100] Execute       get_default_platform 
@I [HLS-100] Command       get_default_platform returned 0; 0 sec.
@I [HLS-100] Execute       open_platform DefaultPlatform 
@I [HLS-100] Command       open_platform returned 0; 0 sec.
@I [HLS-100] Execute       import_lib /opt/Xilinx/Vivado_HLS/2016.4/common/technology/xilinx/kintexu/kintexu_fpv7 
@I [HLS-100] Execute         source /opt/Xilinx/Vivado_HLS/2016.4/common/technology/xilinx/common/xilinx_fpv7.lib 
@I [HLS-100] Execute           source /opt/Xilinx/Vivado_HLS/2016.4/common/technology/xilinx/common/xilinx_hp.lib 
@I [HLS-100] Command           ap_source returned 0; 0 sec.
@I [HLS-100] Command         ap_source returned 0; 0.01 sec.
@I [HLS-100] Execute         source /opt/Xilinx/Vivado_HLS/2016.4/common/technology/xilinx/common/xilinx_fpv.hlp 
@I [HLS-100] Execute           source /opt/Xilinx/Vivado_HLS/2016.4/common/technology/xilinx/common/xilinx.hlp 
@I [HLS-100] Execute             source /opt/Xilinx/Vivado_HLS/2016.4/common/technology/xilinx/common/target_info.tcl 
@I [HLS-100] Command             ap_source returned 0; 0 sec.
@I [HLS-100] Execute             source /opt/Xilinx/Vivado_HLS/2016.4/common/technology/xilinx/interface/xilinx_interface.hlp 
@I [HLS-100] Execute               source /opt/Xilinx/Vivado_HLS/2016.4/common/technology/xilinx/interface/maxi.hlp 
@I [HLS-100] Command               ap_source returned 0; 0 sec.
@I [HLS-100] Execute               source /opt/Xilinx/Vivado_HLS/2016.4/common/technology/xilinx/interface/saxilite.hlp 
@I [HLS-100] Command               ap_source returned 0; 0 sec.
@I [HLS-100] Command             ap_source returned 0; 0 sec.
@I [HLS-100] Execute             source /opt/Xilinx/Vivado_HLS/2016.4/common/technology/xilinx/common/dsp48.hlp 
@I [HLS-100] Command             ap_source returned 0; 0 sec.
@I [HLS-100] Command           ap_source returned 0; 0.01 sec.
@I [HLS-100] Command         ap_source returned 0; 0.01 sec.
@I [HLS-100] Execute         source /opt/Xilinx/Vivado_HLS/2016.4/common/technology/xilinx/kintexu/kintexu_hp.hlp 
@I [HLS-100] Command         ap_source returned 0; 0 sec.
@I [HLS-100] Command       import_lib returned 0; 0.02 sec.
@I [HLS-100] Execute       source /opt/Xilinx/Vivado_HLS/2016.4/common/technology/xilinx/kintexu/kintexu_fpv7.gen 
@I [HLS-100] Execute         source /opt/Xilinx/Vivado_HLS/2016.4/common/technology/xilinx/common/xilinx_fpv6.gen 
@I [HLS-100] Command         ap_source returned 0; 0 sec.
@I [HLS-100] Command       ap_source returned 0; 0 sec.
@I [HLS-100] Command     add_library returned 0; 0.02 sec.
@I [HLS-100] Command   set_part returned 0; 0.14 sec.
@I [HLS-100] Execute   create_clock -period 4.6 -name default 
@I [HLS-100] Command   create_clock returned 0; 0 sec.
@I [HLS-100] Execute   set_clock_uncertainty 0 
@I [HLS-100] Command   set_clock_uncertainty returned 0; 0 sec.
@I [HLS-100] Execute   csim_design -ldflags -lpcap -std=c++0x -clean -compiler gcc 
@I [SIM-2] *************** CSIM start ***************
@I [SIM-4] CSIM will launch GCC as the compiler.
@I [HLS-100] Execute     source csim/.lst_opt.tcl 
@I [HLS-100] Command     ap_source returned 0; 0 sec.
@I [HLS-100] Execute     is_encrypted /home/ahrfry/example/hlsTb.cpp 
@I [HLS-100] Command     is_encrypted returned 0; 0 sec.
@I [HLS-100] Execute     is_xip /home/ahrfry/example/hlsTb.cpp 
@I [HLS-100] Command     is_xip returned 0; 0 sec.
@I [HLS-100] Execute     is_encrypted /home/ahrfry/example/udp.h 
@I [HLS-100] Command     is_encrypted returned 0; 0 sec.
@I [HLS-100] Execute     is_xip /home/ahrfry/example/udp.h 
@I [HLS-100] Command     is_xip returned 0; 0 sec.
@I [HLS-100] Execute     is_encrypted /home/ahrfry/example/udp.cpp 
@I [HLS-100] Command     is_encrypted returned 0; 0 sec.
@I [HLS-100] Execute     is_xip /home/ahrfry/example/udp.cpp 
@I [HLS-100] Command     is_xip returned 0; 0 sec.
@I [HLS-100] Execute     is_encrypted /home/ahrfry/example/topic.h 
@I [HLS-100] Command     is_encrypted returned 0; 0 sec.
@I [HLS-100] Execute     is_xip /home/ahrfry/example/topic.h 
@I [HLS-100] Command     is_xip returned 0; 0 sec.
@I [HLS-100] Execute     is_encrypted /home/ahrfry/example/topic.cpp 
@I [HLS-100] Command     is_encrypted returned 0; 0 sec.
@I [HLS-100] Execute     is_xip /home/ahrfry/example/topic.cpp 
@I [HLS-100] Command     is_xip returned 0; 0 sec.
@I [HLS-100] Execute     is_encrypted /home/ahrfry/example/iot_template.h 
@I [HLS-100] Command     is_encrypted returned 0; 0 sec.
@I [HLS-100] Execute     is_xip /home/ahrfry/example/iot_template.h 
@I [HLS-100] Command     is_xip returned 0; 0 sec.
@I [HLS-100] Execute     is_encrypted /home/ahrfry/example/iot_template.cpp 
@I [HLS-100] Command     is_encrypted returned 0; 0 sec.
@I [HLS-100] Execute     is_xip /home/ahrfry/example/iot_template.cpp 
@I [HLS-100] Command     is_xip returned 0; 0 sec.
@I [HLS-100] Execute     is_encrypted /home/ahrfry/example/hls_helper.h 
@I [HLS-100] Command     is_encrypted returned 0; 0 sec.
@I [HLS-100] Execute     is_xip /home/ahrfry/example/hls_helper.h 
@I [HLS-100] Command     is_xip returned 0; 0 sec.
@I [HLS-100] Execute     is_encrypted /home/ahrfry/example/example.cpp 
@I [HLS-100] Command     is_encrypted returned 0; 0 sec.
@I [HLS-100] Execute     is_xip /home/ahrfry/example/example.cpp 
@I [HLS-100] Command     is_xip returned 0; 0 sec.
@I [HLS-100] Execute     source run_sim.tcl 
@I [HLS-100] Command     ap_source returned 0; 0.02 sec.
@I [SIM-1] CSim done with 0 errors.
@I [SIM-3] *************** CSIM finish ***************
@I [HLS-100] Command   csim_design returned 0; 6.23 sec.
@I [HLS-100] Execute   csynth_design 
@I [HLS-100] Execute     elaborate -effort=medium -skip_syncheck=0 -keep_printf=0 -lm=0 -skip_cdt=0 -skip_transform=0 -ng=0 -g=0 -opt_fp=0 
@I [HLS-10] Analyzing design file 'udp.cpp' ... 
@I [HLS-0] Compiling one TU...
@I [HLS-0] Handling udp.cpp as C++
@I [HLS-0] Syntax Checking before pre-processing...
@I [HLS-100] Execute       clang  -fno-limit-debug-info -gcc-toolchain "/opt/Xilinx/Vivado_HLS/2016.4/lnx64/tools/gcc" -hls    -fno-math-errno -c -emit-llvm -O0  -mllvm -disable-llvm-optzns -fno-threadsafe-statics  -fno-use-cxa-atexit  -fno-threadsafe-statics -fno-use-cxa-atexit -Wno-attributes -Wno-gcc-compat   -I "/opt/Xilinx/Vivado_HLS/2016.4/lnx64/tools/systemc/include" -I "/opt/Xilinx/Vivado_HLS/2016.4/include" -I "/opt/Xilinx/Vivado_HLS/2016.4/include/ap_sysc" -fexceptions -I "/opt/Xilinx/Vivado_HLS/2016.4/common/technology/autopilot" -include etc/autopilot_ssdm_op.h "udp.cpp"  -o "/home/ahrfry/example/example/ku060_solution/.autopilot/db/udp.pp.00.o" 
@I [HLS-100] Command       clang returned 0; 0.87 sec.
@I [HLS-100] Execute       is_encrypted /home/ahrfry/example/example/ku060_solution/.autopilot/db/udp.pp.00.o 
@I [HLS-100] Command       is_encrypted returned 0; 0 sec.
@I [HLS-0] Source preprocessing
@I [HLS-100] Execute       clang  -fno-limit-debug-info -gcc-toolchain "/opt/Xilinx/Vivado_HLS/2016.4/lnx64/tools/gcc" -hls -fno-exceptions  -D__llvm__  -CC -E "udp.cpp"     -fno-math-errno -c -emit-llvm -O0  -mllvm -disable-llvm-optzns -fno-threadsafe-statics  -fno-use-cxa-atexit  -fno-threadsafe-statics -fno-use-cxa-atexit -Wno-attributes -Wno-gcc-compat -DAESL_SYN -D__SYNTHESIS__ -D__HLS_SYN__ -I "/opt/Xilinx/Vivado_HLS/2016.4/common/technology/autopilot" -I "/opt/Xilinx/Vivado_HLS/2016.4/common/technology/autopilot/ap_sysc" -include etc/autopilot_ssdm_op.h  -o "/home/ahrfry/example/example/ku060_solution/.autopilot/db/udp.pp.0.cpp" 
@I [HLS-100] Command       clang returned 0; 0.18 sec.
@I [HLS-0] GCC PP time: 0 seconds per iteration
@I [HLS-100] Execute       list_core -type functional_unit 
@I [HLS-100] Command       list_core returned 0; 0 sec.
@I [HLS-0] CDT Preprocessing...
@I [HLS-0] Marker-Pragma convertor: /home/ahrfry/example/example/ku060_solution/.autopilot/db/udp.pp.0.cpp /home/ahrfry/example/example/ku060_solution/.autopilot/db/udp.pp.0.cpp.ap-line.cpp /home/ahrfry/example/example/ku060_solution/.autopilot/db/udp.pp.0.cpp.ap-line.cpp.CXX 1
@I [HLS-0] Converting Markers to Pragmas...
@I [HLS-100] Execute       cdt  "/home/ahrfry/example/example/ku060_solution/.autopilot/db/udp.pp.0.cpp.ap-line.cpp"  -m "example" -o "/home/ahrfry/example/example/ku060_solution/.autopilot/db/udp.pp.0.cpp.ap-cdt.cpp" --pp --directive /home/ahrfry/example/example/ku060_solution/ku060_solution.directive --source /home/ahrfry/example/udp.cpp --error /home/ahrfry/example/example/ku060_solution/.autopilot/db --funcunit "AddSub AddSub_DSP AddSubnS DAddSub_fulldsp DAddSub_nodsp DDiv DExp_fulldsp DExp_meddsp DExp_nodsp DLog_fulldsp DLog_meddsp DLog_nodsp DMul_fulldsp DMul_maxdsp DMul_meddsp DMul_nodsp DRSqrt DRecip DSqrt DivnS FAddSub_fulldsp FAddSub_nodsp FDiv FExp_fulldsp FExp_meddsp FExp_nodsp FLog_fulldsp FLog_meddsp FLog_nodsp FMul_fulldsp FMul_maxdsp FMul_meddsp FMul_nodsp FRSqrt_fulldsp FRSqrt_nodsp FRecip_fulldsp FRecip_nodsp FSqrt HAddSub_nodsp HDiv HMul_fulldsp HMul_maxdsp HMul_nodsp HSqrt Mul Mul2S Mul3S Mul4S Mul5S Mul6S Mul_LUT MulnS MuxnS" --ve --vetcl /home/ahrfry/example/example/ku060_solution/.autopilot/db --ca --es --gf --pd --p2d /home/ahrfry/example/example/ku060_solution/.autopilot/db --sd --scff /home/ahrfry/example/example/ku060_solution/.autopilot/db/.systemc_flag --ad 
@I [HLS-0] Error:Syntax error in source:for (__decltype(__n + 0) __niter = __n;
Error:Missing ; in source:t
Error:Syntax error in source:)
 *__first = __value;
Error:Syntax error in source:for (__decltype(__n + 0) __niter = __n;
Error:Missing ; in source:t
Error:Syntax error in source:)
 *__first = __tmp;
@I [HLS-100] Command       cdt returned 0; 6.65 sec.
@I [HLS-0] Marker-Pragma convertor: /home/ahrfry/example/example/ku060_solution/.autopilot/db/udp.pp.0.cpp.ap-cdt.cpp /home/ahrfry/example/example/ku060_solution/.autopilot/db/udp.pragma.0.cpp /home/ahrfry/example/example/ku060_solution/.autopilot/db/udp.pragma.0.cpp.ap-line.CXX 0
@I [HLS-0] Converting Pragmas to Markers...
@I [HLS-100] Execute       source /home/ahrfry/example/example/ku060_solution/.autopilot/db/pragma.status.tcl 
@I [HLS-100] Command       ap_source returned 0; 0 sec.
@I [HLS-0] Pragma Handling...
@I [HLS-0] Source preprocessing
@I [HLS-100] Execute       clang  -fno-limit-debug-info -gcc-toolchain "/opt/Xilinx/Vivado_HLS/2016.4/lnx64/tools/gcc" -hls -fno-exceptions  -D__llvm__  -CC -E "/home/ahrfry/example/example/ku060_solution/.autopilot/db/udp.pragma.1.cpp"     -fno-math-errno -c -emit-llvm -O0  -mllvm -disable-llvm-optzns -fno-threadsafe-statics  -fno-use-cxa-atexit  -fno-threadsafe-statics -fno-use-cxa-atexit -Wno-attributes -Wno-gcc-compat -DAESL_SYN -D__SYNTHESIS__ -D__HLS_SYN__ -I "/opt/Xilinx/Vivado_HLS/2016.4/common/technology/autopilot" -I "/opt/Xilinx/Vivado_HLS/2016.4/common/technology/autopilot/ap_sysc" -include etc/autopilot_ssdm_op.h  -o "/home/ahrfry/example/example/ku060_solution/.autopilot/db/udp.pragma.2.cpp" 
@I [HLS-100] Command       clang returned 0; 0.12 sec.
@I [HLS-0] Processing labels
@I [HLS-100] Execute       clang  -fno-limit-debug-info -gcc-toolchain /opt/Xilinx/Vivado_HLS/2016.4/lnx64/tools/gcc -hls -hls-analyze-label -hls-analyze-pragma -fno-exceptions  -D__llvm__  -w  "/home/ahrfry/example/example/ku060_solution/.autopilot/db/udp.pragma.2.cpp"    -fno-math-errno -c -emit-llvm -O0  -mllvm -disable-llvm-optzns -fno-threadsafe-statics  -fno-use-cxa-atexit -DAESL_SYN -D__SYNTHESIS__ -D__HLS_SYN__ -I "/opt/Xilinx/Vivado_HLS/2016.4/common/technology/autopilot" -I "/opt/Xilinx/Vivado_HLS/2016.4/common/technology/autopilot/ap_sysc" -include etc/autopilot_ssdm_op.h -g -o "/home/ahrfry/example/example/ku060_solution/.autopilot/db/udp.g.bc" 
@I [HLS-100] Command       clang returned 0; 0.61 sec.
@I [HLS-10] Analyzing design file 'topic.cpp' ... 
@I [HLS-0] Compiling one TU...
@I [HLS-0] Handling topic.cpp as C++
@I [HLS-0] Syntax Checking before pre-processing...
@I [HLS-100] Execute       clang  -fno-limit-debug-info -gcc-toolchain "/opt/Xilinx/Vivado_HLS/2016.4/lnx64/tools/gcc" -hls    -fno-math-errno -c -emit-llvm -O0  -mllvm -disable-llvm-optzns -fno-threadsafe-statics  -fno-use-cxa-atexit  -fno-threadsafe-statics -fno-use-cxa-atexit -Wno-attributes -Wno-gcc-compat   -I "/opt/Xilinx/Vivado_HLS/2016.4/lnx64/tools/systemc/include" -I "/opt/Xilinx/Vivado_HLS/2016.4/include" -I "/opt/Xilinx/Vivado_HLS/2016.4/include/ap_sysc" -fexceptions -I "/opt/Xilinx/Vivado_HLS/2016.4/common/technology/autopilot" -include etc/autopilot_ssdm_op.h "topic.cpp"  -o "/home/ahrfry/example/example/ku060_solution/.autopilot/db/topic.pp.00.o" 
@I [HLS-100] Command       clang returned 0; 0.88 sec.
@I [HLS-100] Execute       is_encrypted /home/ahrfry/example/example/ku060_solution/.autopilot/db/topic.pp.00.o 
@I [HLS-100] Command       is_encrypted returned 0; 0 sec.
@I [HLS-0] Source preprocessing
@I [HLS-100] Execute       clang  -fno-limit-debug-info -gcc-toolchain "/opt/Xilinx/Vivado_HLS/2016.4/lnx64/tools/gcc" -hls -fno-exceptions  -D__llvm__  -CC -E "topic.cpp"     -fno-math-errno -c -emit-llvm -O0  -mllvm -disable-llvm-optzns -fno-threadsafe-statics  -fno-use-cxa-atexit  -fno-threadsafe-statics -fno-use-cxa-atexit -Wno-attributes -Wno-gcc-compat -DAESL_SYN -D__SYNTHESIS__ -D__HLS_SYN__ -I "/opt/Xilinx/Vivado_HLS/2016.4/common/technology/autopilot" -I "/opt/Xilinx/Vivado_HLS/2016.4/common/technology/autopilot/ap_sysc" -include etc/autopilot_ssdm_op.h  -o "/home/ahrfry/example/example/ku060_solution/.autopilot/db/topic.pp.0.cpp" 
@I [HLS-100] Command       clang returned 0; 0.16 sec.
@I [HLS-0] GCC PP time: 0 seconds per iteration
@I [HLS-100] Execute       list_core -type functional_unit 
@I [HLS-100] Command       list_core returned 0; 0 sec.
@I [HLS-0] CDT Preprocessing...
@I [HLS-0] Marker-Pragma convertor: /home/ahrfry/example/example/ku060_solution/.autopilot/db/topic.pp.0.cpp /home/ahrfry/example/example/ku060_solution/.autopilot/db/topic.pp.0.cpp.ap-line.cpp /home/ahrfry/example/example/ku060_solution/.autopilot/db/topic.pp.0.cpp.ap-line.cpp.CXX 1
@I [HLS-0] Converting Markers to Pragmas...
@I [HLS-100] Command     elaborate returned 2; 10.69 sec.
@I [HLS-100] Command   csynth_design returned 2; 10.69 sec.
@I [HLS-100] Command ap_source returned 1; 17.37 sec.
file8
    while executing
"source script.tcl"
    invoked from within
"hls::main script.tcl"
    ("uplevel" body line 1)
    invoked from within
"uplevel 1 hls::main {*}$args"
    (procedure "hls_proc" line 5)
    invoked from within
"hls_proc $argv"
@I [HLS-100] Execute cleanup_all 
@I [HLS-100] Command cleanup_all returned 0; 0 sec.
