                             latency        interval
transaction       0:            4137            4138
transaction       1:              64              65
transaction       2:              25              26
transaction       3:              64              65
transaction       4:              25              26
transaction       5:              64              65
transaction       6:              25              26
transaction       7:              64              65
transaction       8:              25              26
transaction       9:              64              65
transaction      10:              25              26
transaction      11:              64              65
transaction      12:              25              26
transaction      13:              64              65
transaction      14:              25              26
transaction      15:              64              65
transaction      16:              25              26
transaction      17:              64              65
transaction      18:              25              26
transaction      19:              71              72
transaction      20:              25              26
transaction      21:              71              72
transaction      22:              25              26
transaction      23:             121             122
transaction      24:              25              26
transaction      25:              71              72
transaction      26:              25              26
transaction      27:             121             122
transaction      28:              25              26
transaction      29:              71              72
transaction      30:              25              26
transaction      31:              71              72
transaction      32:              25              26
transaction      33:              71              72
transaction      34:              25              26
transaction      35:             121             122
transaction      36:              25              26
transaction      37:              71              72
transaction      38:              25              26
transaction      39:              71              72
transaction      40:              25              26
transaction      41:             121             122
transaction      42:              25              26
transaction      43:              71              72
transaction      44:              25              26
transaction      45:              71              72
transaction      46:              25              26
transaction      47:              71              72
transaction      48:              25              26
transaction      49:             121             122
transaction      50:              25              26
transaction      51:              71              72
transaction      52:              25              26
transaction      53:             121             122
transaction      54:              25              26
transaction      55:              71              72
transaction      56:              25              26
transaction      57:              71              72
transaction      58:              25              26
transaction      59:              71              72
transaction      60:              25              26
transaction      61:              71              72
transaction      62:              25              26
transaction      63:              71              72
transaction      64:              25              26
transaction      65:              71              72
transaction      66:              25              26
transaction      67:              71              72
transaction      68:              25              26
transaction      69:              71              72
transaction      70:              25              26
transaction      71:             121             122
transaction      72:              25              26
transaction      73:              71              72
transaction      74:              25              26
transaction      75:              71              72
transaction      76:              25              26
transaction      77:             121             122
transaction      78:              25              26
transaction      79:             121             122
transaction      80:              25              26
transaction      81:              71              72
transaction      82:              25              26
transaction      83:              71              72
transaction      84:              25              26
transaction      85:              71              72
transaction      86:              25              26
transaction      87:             121             122
transaction      88:              25              26
transaction      89:              71              72
transaction      90:              25              26
transaction      91:              71              72
transaction      92:              25              26
transaction      93:              71              72
transaction      94:              25              26
transaction      95:             121             122
transaction      96:              25              26
transaction      97:              71              72
transaction      98:              25              26
transaction      99:             121             122
transaction     100:              25              26
transaction     101:              71              72
transaction     102:              25              26
transaction     103:             121             122
transaction     104:              25              26
transaction     105:              71              72
transaction     106:              25              26
transaction     107:              71              72
transaction     108:              25              26
transaction     109:              71              72
transaction     110:              25              26
transaction     111:              71              72
transaction     112:              25              26
transaction     113:             121             122
transaction     114:              25              26
transaction     115:              71              72
transaction     116:              25              26
transaction     117:              71              72
transaction     118:              25              26
transaction     119:              71              72
transaction     120:              25              26
transaction     121:              71              72
transaction     122:              25              26
transaction     123:             121             122
transaction     124:              25              26
transaction     125:              71              72
transaction     126:              25              26
transaction     127:              71              72
transaction     128:              25              26
transaction     129:              71              72
transaction     130:              25              26
transaction     131:              71              72
transaction     132:              25              26
transaction     133:              71              72
transaction     134:              25              26
transaction     135:              71              72
transaction     136:              25              26
transaction     137:             121             122
transaction     138:              25              26
transaction     139:              71              72
transaction     140:              25              26
transaction     141:              71              72
transaction     142:              25              26
transaction     143:              71              72
transaction     144:              25              26
transaction     145:             121             122
transaction     146:              25              26
transaction     147:              71              72
transaction     148:              25              26
transaction     149:             121             122
transaction     150:              25              26
transaction     151:              71              72
transaction     152:              25              26
transaction     153:              71              72
transaction     154:              25              26
transaction     155:             121             122
transaction     156:              25              26
transaction     157:              71              72
transaction     158:              25              26
transaction     159:              71              72
transaction     160:              25              26
transaction     161:              71              72
transaction     162:              25              26
transaction     163:              71              72
transaction     164:              25              26
transaction     165:              71              72
transaction     166:              25              26
transaction     167:              71              72
transaction     168:              25              26
transaction     169:              71              72
transaction     170:              25              26
transaction     171:              71              72
transaction     172:              25              26
transaction     173:              71              72
transaction     174:              25              26
transaction     175:              71              72
transaction     176:              25              26
transaction     177:             121             122
transaction     178:              25              26
transaction     179:             121             122
transaction     180:              25              26
transaction     181:              71              72
transaction     182:              25              26
transaction     183:             121             122
transaction     184:              25              26
transaction     185:             121             122
transaction     186:              25              26
transaction     187:             121             122
transaction     188:              25              26
transaction     189:             121             122
transaction     190:              25              26
transaction     191:              71              72
transaction     192:              25              26
transaction     193:             121             122
transaction     194:              25              26
transaction     195:              71              72
transaction     196:              25              26
transaction     197:              71              72
transaction     198:              25              26
transaction     199:              71              72
transaction     200:              25              26
transaction     201:              71              72
transaction     202:              25              26
transaction     203:              71              72
transaction     204:              25              26
transaction     205:              71              72
transaction     206:              25              26
transaction     207:              71              72
transaction     208:              25              26
transaction     209:             121             122
transaction     210:              25              26
transaction     211:             121             122
transaction     212:              25              26
transaction     213:              71              72
transaction     214:              25              26
transaction     215:              71              72
transaction     216:              25              26
transaction     217:              71               x
