================================================================
  Vivado(TM) HLS - High-Level Synthesis from C, C++ and SystemC
  Version 2016.4
  Build 1756540 on Mon Jan 23 19:31:01 MST 2017
  Copyright (C) 1986-2017 Xilinx, Inc. All Rights Reserved.
================================================================
INFO: [HLS 200-10] Running '/opt/Xilinx/Vivado_HLS/2016.4/bin/unwrapped/lnx64.o/vivado_hls'
INFO: [HLS 200-10] For user 'ahrfry' on host 'loki' (Linux_x86_64 version 5.0.0-31-generic) on Thu Oct 17 19:10:00 EDT 2019
INFO: [HLS 200-10] On os Ubuntu 18.04.3 LTS
INFO: [HLS 200-10] In directory '/home/ahrfry/example/ku060_solution'
INFO: [HLS 200-10] Creating and opening project '/home/ahrfry/example/ku060_solution/example'.
WARNING: [HLS 200-40] Cannot find design file 'example/example.cpp'
WARNING: [HLS 200-40] Cannot find design file 'example/hls_helper.h'
WARNING: [HLS 200-40] Cannot find design file 'example/iot_template.cpp'
WARNING: [HLS 200-40] Cannot find design file 'example/iot_template.h'
WARNING: [HLS 200-40] Cannot find design file 'example/topic.cpp'
WARNING: [HLS 200-40] Cannot find design file 'example/topic.h'
WARNING: [HLS 200-40] Cannot find design file 'example/udp.cpp'
WARNING: [HLS 200-40] Cannot find design file 'example/udp.h'
WARNING: [HLS 200-40] Cannot find test bench file 'example/hlsTb.cpp'
INFO: [HLS 200-10] Creating and opening solution '/home/ahrfry/example/ku060_solution/example/ku060_solution'.
INFO: [HLS 200-10] Setting target device to 'xcku060-ffva1156-1l-i'
INFO: [SYN 201-201] Setting up clock 'default' with a period of 4.6ns.
INFO: [SYN 201-201] Setting up clock 'default' with an uncertainty of 0ns.
INFO: [SIM 211-2] *************** CSIM start ***************
INFO: [SIM 211-4] CSIM will launch GCC as the compiler.
ERROR: [SIM 211-104] Cannot find C test bench. Please specify test bench files using 'add_files -tb'.
ERROR: [SIM 211-100] CSim failed with errors.
INFO: [SIM 211-3] *************** CSIM finish ***************
4
    while executing
"source script.tcl"
    invoked from within
"hls::main script.tcl"
    ("uplevel" body line 1)
    invoked from within
"uplevel 1 hls::main {*}$args"
    (procedure "hls_proc" line 5)
    invoked from within
"hls_proc $argv"
