Unable to capture context for thread 13220 in process 3968, can not generate back trace
Unable to capture context for thread 13556 in process 3968, can not generate back trace
Unable to capture context for thread 12920 in process 3968, can not generate back trace
Exception at PC 0x00007FF96D6AA839
Unable to capture context for thread 13220 in process 3968, can not generate back trace
Unable to capture context for thread 13556 in process 3968, can not generate back trace
Unable to capture context for thread 12920 in process 3968, can not generate back trace
Exception at PC 0x00007FF8E287BB93
Printing stacktrace...

Exception at PC 0x00007FF96D6AA839
Exception at PC 0x00007FF96D6AA839
Exception at PC 0x00007FF96D6AA839
Exception at PC 0x00007FF96D6AA839
Exception at PC 0x00007FF96D6AA839
Exception at PC 0x00007FF96D6AA839
Exception at PC 0x00007FF96D6AA839
Exception at PC 0x00007FF96D6AA839
Exception at PC 0x00007FF96D6AA839
[0]  [0x00007FF8E287BB93]
[1]  [0x00007FF8E287BB93]
[2]  [0x00007FF8E287B4A1]
[3]  [0x00007FF8E287B3EF]
[4]  [0x00007FF8E28619FE]
[5]  [0x00007FF8E2860ED1]
[6]  [0x00007FF8E2860D76]
[7]  [0x00007FF8E28079F6]
[8]  [0x00007FF8E27F7AFB]
[9]  [0x00007FF8E291E90A]
[10]  [0x00007FF8E2939F87]
[11]  [0x00007FF8E293A05F]
[12] (BaseThreadInitThunk+0x14) [0x00007FF96DCC7BD4]
[13] (RtlUserThreadStart+0x21) [0x00007FF96FC6CE71]
Done
Exception at PC 0x00007FF96D6AA839
Exception at PC 0x00007FF96D6AA839
Exception at PC 0x00007FF96D6AA839
Exception at PC 0x00007FF96D6AA839
Exception at PC 0x00007FF96D6AA839
Exception at PC 0x00007FF96D6AA839
Exception at PC 0x00007FF96D6AA839
