

================================================================
== Vivado HLS Report for 'example_Block_codeRepl951_proc'
================================================================
* Date:           Thu Sep 05 20:34:08 2019

* Version:        2016.2 (Build 1577090 on Thu Jun 02 16:59:10 MDT 2016)
* Project:        example_hls
* Solution:       solution1
* Product family: kintexu
* Target device:  xcku060-ffva1156-1l-i


================================================================
== Performance Estimates
================================================================
+ Timing (ns): 
    * Summary: 
    +--------+-------+----------+------------+
    |  Clock | Target| Estimated| Uncertainty|
    +--------+-------+----------+------------+
    |ap_clk  |   4.60|      3.10|        0.57|
    +--------+-------+----------+------------+

+ Latency (clock cycles): 
    * Summary: 
    +-----+-----+-----+-----+---------+
    |  Latency  |  Interval | Pipeline|
    | min | max | min | max |   Type  |
    +-----+-----+-----+-----+---------+
    |    3|    7|    3|    7|   none  |
    +-----+-----+-----+-----+---------+

    + Detail: 
        * Instance: 
        +--------------------------------------------+-----------------------------+-----+-----+-----+-----+---------+
        |                                            |                             |  Latency  |  Interval | Pipeline|
        |                  Instance                  |            Module           | min | max | min | max |   Type  |
        +--------------------------------------------+-----------------------------+-----+-----+-----+-----+---------+
        |stg_378_example_axi_stream_pass_alt_fu_867  |example_axi_stream_pass_alt  |    0|    0|    0|    0|   none  |
        +--------------------------------------------+-----------------------------+-----+-----+-----+-----+---------+

        * Loop: 
        +----------+-----+-----+----------+-----------+-----------+-------+----------+
        |          |  Latency  | Iteration|  Initiation Interval  |  Trip |          |
        | Loop Name| min | max |  Latency |  achieved |   target  | Count | Pipelined|
        +----------+-----+-----+----------+-----------+-----------+-------+----------+
        |- Loop 1  |    1|    2|         1|          -|          -| 1 ~ 2 |    no    |
        |- Loop 2  |    1|    2|         1|          -|          -| 1 ~ 2 |    no    |
        +----------+-----+-----+----------+-----------+-----------+-------+----------+



================================================================
== Utilization Estimates
================================================================
* Summary: 
+-----------------+---------+-------+--------+--------+
|       Name      | BRAM_18K| DSP48E|   FF   |   LUT  |
+-----------------+---------+-------+--------+--------+
|DSP              |        -|      -|       -|       -|
|Expression       |        -|      -|       0|     465|
|FIFO             |       60|      -|    1200|    1192|
|Instance         |        -|      -|       2|       5|
|Memory           |        -|      -|       -|       -|
|Multiplexer      |        -|      -|       -|    3483|
|Register         |        -|      -|     660|       -|
+-----------------+---------+-------+--------+--------+
|Total            |       60|      0|    1862|    5145|
+-----------------+---------+-------+--------+--------+
|Available        |     2160|   2760|  663360|  331680|
+-----------------+---------+-------+--------+--------+
|Utilization (%)  |        2|      0|   ~0   |       1|
+-----------------+---------+-------+--------+--------+

+ Detail: 
    * Instance: 
    +--------------------------------------------+-----------------------------+---------+-------+---+----+
    |                  Instance                  |            Module           | BRAM_18K| DSP48E| FF| LUT|
    +--------------------------------------------+-----------------------------+---------+-------+---+----+
    |stg_378_example_axi_stream_pass_alt_fu_867  |example_axi_stream_pass_alt  |        0|      0|  2|   5|
    +--------------------------------------------+-----------------------------+---------+-------+---+----+
    |Total                                       |                             |        0|      0|  2|   5|
    +--------------------------------------------+-----------------------------+---------+-------+---+----+

    * DSP48: 
    N/A

    * Memory: 
    N/A

    * FIFO: 
    +------------------------------------------------------------+---------+-----+-----+------+-----+---------+
    |                            Name                            | BRAM_18K|  FF | LUT | Depth| Bits| Size:D*B|
    +------------------------------------------------------------+---------+-----+-----+------+-----+---------+
    |merger_host_0_V_data_V_merger_host_0_V_data_V_fifo_U        |       15|  272|  182|    16|  256|     4096|
    |merger_host_0_V_id_V_merger_host_0_V_id_V_fifo_U            |        0|    7|   20|    16|    3|       48|
    |merger_host_0_V_keep_V_merger_host_0_V_keep_V_fifo_U        |        0|    7|   48|    16|   32|      512|
    |merger_host_0_V_last_V_merger_host_0_V_last_V_fifo_U        |        0|    7|   20|    16|    1|       16|
    |merger_host_0_V_user_V_merger_host_0_V_user_V_fifo_U        |        0|    7|   28|    16|   12|      192|
    |merger_host_1_V_data_V_merger_host_1_V_data_V_fifo_U        |       15|  272|  182|    16|  256|     4096|
    |merger_host_1_V_id_V_merger_host_1_V_id_V_fifo_U            |        0|    7|   20|    16|    3|       48|
    |merger_host_1_V_keep_V_merger_host_1_V_keep_V_fifo_U        |        0|    7|   48|    16|   32|      512|
    |merger_host_1_V_last_V_merger_host_1_V_last_V_fifo_U        |        0|    7|   20|    16|    1|       16|
    |merger_host_1_V_user_V_merger_host_1_V_user_V_fifo_U        |        0|    7|   28|    16|   12|      192|
    |merger_network_0_V_data_V_merger_network_0_V_data_V_fifo_U  |       15|  272|  182|    16|  256|     4096|
    |merger_network_0_V_id_V_merger_network_0_V_id_V_fifo_U      |        0|    7|   20|    16|    3|       48|
    |merger_network_0_V_keep_V_merger_network_0_V_keep_V_fifo_U  |        0|    7|   48|    16|   32|      512|
    |merger_network_0_V_last_V_merger_network_0_V_last_V_fifo_U  |        0|    7|   20|    16|    1|       16|
    |merger_network_0_V_user_V_merger_network_0_V_user_V_fifo_U  |        0|    7|   28|    16|   12|      192|
    |merger_network_1_V_data_V_merger_network_1_V_data_V_fifo_U  |       15|  272|  182|    16|  256|     4096|
    |merger_network_1_V_id_V_merger_network_1_V_id_V_fifo_U      |        0|    7|   20|    16|    3|       48|
    |merger_network_1_V_keep_V_merger_network_1_V_keep_V_fifo_U  |        0|    7|   48|    16|   32|      512|
    |merger_network_1_V_last_V_merger_network_1_V_last_V_fifo_U  |        0|    7|   20|    16|    1|       16|
    |merger_network_1_V_user_V_merger_network_1_V_user_V_fifo_U  |        0|    7|   28|    16|   12|      192|
    +------------------------------------------------------------+---------+-----+-----+------+-----+---------+
    |Total                                                       |       60| 1200| 1192|   320| 1216|    19456|
    +------------------------------------------------------------+---------+-----+-----+------+-----+---------+

    * Expression: 
    +---------------------------------+----------+-------+---+-----+------------+------------+
    |          Variable Name          | Operation| DSP48E| FF| LUT | Bitwidth P0| Bitwidth P1|
    +---------------------------------+----------+-------+---+-----+------------+------------+
    |i_1_fu_1489_p2                   |     +    |      0|  0|    2|           2|           2|
    |i_fu_1437_p2                     |     +    |      0|  0|    2|           2|           1|
    |p_Val2_10_fu_1312_p2             |     +    |      0|  0|   32|          32|           1|
    |p_Val2_s_fu_1150_p2              |     +    |      0|  0|   32|          32|           1|
    |ap_sig_1000                      |    and   |      0|  0|    1|           1|           1|
    |ap_sig_1058                      |    and   |      0|  0|    1|           1|           1|
    |ap_sig_1077                      |    and   |      0|  0|    1|           1|           1|
    |ap_sig_1600                      |    and   |      0|  0|    1|           1|           1|
    |ap_sig_1603                      |    and   |      0|  0|    1|           1|           1|
    |ap_sig_1608                      |    and   |      0|  0|    1|           1|           1|
    |ap_sig_205                       |    and   |      0|  0|    1|           1|           1|
    |ap_sig_206                       |    and   |      0|  0|    1|           1|           1|
    |ap_sig_213                       |    and   |      0|  0|    1|           1|           1|
    |ap_sig_214                       |    and   |      0|  0|    1|           1|           1|
    |ap_sig_220                       |    and   |      0|  0|    1|           1|           1|
    |ap_sig_221                       |    and   |      0|  0|    1|           1|           1|
    |ap_sig_223                       |    and   |      0|  0|    1|           1|           1|
    |ap_sig_224                       |    and   |      0|  0|    1|           1|           1|
    |ap_sig_251                       |    and   |      0|  0|    1|           1|           1|
    |ap_sig_280                       |    and   |      0|  0|    1|           1|           1|
    |ap_sig_356                       |    and   |      0|  0|    1|           1|           1|
    |ap_sig_432                       |    and   |      0|  0|    1|           1|           1|
    |ap_sig_504                       |    and   |      0|  0|    1|           1|           1|
    |ap_sig_985                       |    and   |      0|  0|    1|           1|           1|
    |ap_sig_989                       |    and   |      0|  0|    1|           1|           1|
    |ap_sig_996                       |    and   |      0|  0|    1|           1|           1|
    |grp_nbreadreq_fu_302_p7          |    and   |      0|  0|    1|           1|           0|
    |grp_nbreadreq_fu_360_p7          |    and   |      0|  0|    1|           1|           0|
    |grp_nbreadreq_fu_418_p7          |    and   |      0|  0|    1|           1|           1|
    |grp_nbreadreq_fu_429_p7          |    and   |      0|  0|    1|           1|           1|
    |grp_nbreadreq_fu_477_p7          |    and   |      0|  0|    1|           1|           1|
    |grp_nbreadreq_fu_488_p7          |    and   |      0|  0|    1|           1|           1|
    |merger_host_0_V_id_V1_status     |    and   |      0|  0|    1|           1|           1|
    |merger_host_1_V_id_V1_status     |    and   |      0|  0|    1|           1|           1|
    |merger_network_0_V_id_V1_status  |    and   |      0|  0|    1|           1|           1|
    |merger_network_1_V_id_V1_status  |    and   |      0|  0|    1|           1|           1|
    |tmp_10_fu_1328_p2                |   icmp   |      0|  0|    6|          16|          13|
    |tmp_5_fu_1216_p2                 |   icmp   |      0|  0|    6|          16|          12|
    |tmp_7_fu_1358_p2                 |   icmp   |      0|  0|    6|          16|          12|
    |tmp_8_fu_1166_p2                 |   icmp   |      0|  0|    6|          16|          13|
    |tmp_9_fu_1374_p2                 |   icmp   |      0|  0|    3|           8|           5|
    |tmp_s_fu_1232_p2                 |   icmp   |      0|  0|    3|           8|           5|
    |ap_sig_151                       |    or    |      0|  0|    1|           1|           1|
    |ap_sig_248                       |    or    |      0|  0|    1|           1|           1|
    |ap_sig_309                       |    or    |      0|  0|    1|           1|           1|
    |ap_sig_320                       |    or    |      0|  0|    1|           1|           1|
    |ap_sig_333                       |    or    |      0|  0|    1|           1|           1|
    |ap_sig_342                       |    or    |      0|  0|    1|           1|           1|
    |ap_sig_353                       |    or    |      0|  0|    1|           1|           1|
    |ap_sig_423                       |    or    |      0|  0|    1|           1|           1|
    |ap_sig_456                       |    or    |      0|  0|    1|           1|           1|
    |ap_sig_465                       |    or    |      0|  0|    1|           1|           1|
    |ap_sig_494                       |    or    |      0|  0|    1|           1|           1|
    |ap_sig_495                       |    or    |      0|  0|    1|           1|           1|
    |ap_sig_530                       |    or    |      0|  0|    1|           1|           1|
    |ap_sig_553                       |    or    |      0|  0|    1|           1|           1|
    |ap_sig_570                       |    or    |      0|  0|    1|           1|           1|
    |buff_data_V_fu_1192_p3           |  select  |      0|  0|  256|           1|         256|
    |p_Val2_s_64_fu_1334_p3           |  select  |      0|  0|   32|           1|           1|
    |storemerge1_fu_1184_p3           |  select  |      0|  0|   32|           1|           1|
    +---------------------------------+----------+-------+---+-----+------------+------------+
    |Total                            |          |      0|  0|  465|         198|         368|
    +---------------------------------+----------+-------+---+-----+------------+------------+

    * Multiplexer: 
    +----------------------------------+-----+-----------+-----+-----------+
    |               Name               | LUT | Input Size| Bits| Total Bits|
    +----------------------------------+-----+-----------+-----+-----------+
    |DetectState                       |    2|          2|    2|          4|
    |DetectState_1                     |    2|          2|    2|          4|
    |ap_NS_fsm                         |    1|          5|    1|          5|
    |ap_sig_ioackin_sbu2prt_cx_TREADY  |    1|          2|    1|          2|
    |ap_sig_ioackin_sbu2prt_nw_TREADY  |    1|          2|    1|          2|
    |merger_host_0_V_data_V_din        |  256|          3|  256|        768|
    |merger_host_0_V_id_V_din          |    3|          3|    3|          9|
    |merger_host_0_V_keep_V_din        |   32|          3|   32|         96|
    |merger_host_0_V_last_V_din        |    1|          3|    1|          3|
    |merger_host_0_V_user_V_din        |   12|          3|   12|         36|
    |merger_host_1_V_data_V_din        |  256|          4|  256|       1024|
    |merger_network_0_V_data_V_din     |  256|          4|  256|       1024|
    |merger_network_0_V_id_V_din       |    3|          3|    3|          9|
    |merger_network_0_V_keep_V_din     |   32|          3|   32|         96|
    |merger_network_0_V_last_V_din     |    1|          4|    1|          4|
    |merger_network_0_V_user_V_din     |   12|          3|   12|         36|
    |merger_network_1_V_data_V_din     |  256|          3|  256|        768|
    |mlx2sbu_TDATA_blk_n               |    1|          2|    1|          2|
    |prt_cx2sbu_TDATA_blk_n            |    1|          2|    1|          2|
    |prt_nw2sbu_TDATA_blk_n            |    1|          2|    1|          2|
    |reply_1_loc_phi_fu_574_p4         |    1|          3|    1|          3|
    |reply_loc_reg_536                 |    1|          2|    1|          2|
    |sbu2mlx_TDATA_blk_n               |    1|          2|    1|          2|
    |sbu2prt_cx_TDATA                  |  256|          3|  256|        768|
    |sbu2prt_cx_TDATA_blk_n            |    1|          2|    1|          2|
    |sbu2prt_cx_TID                    |    3|          3|    3|          9|
    |sbu2prt_cx_TKEEP                  |   32|          3|   32|         96|
    |sbu2prt_cx_TLAST                  |    1|          3|    1|          3|
    |sbu2prt_cx_TUSER                  |   12|          3|   12|         36|
    |sbu2prt_nw_TDATA                  |  256|          3|  256|        768|
    |sbu2prt_nw_TDATA_blk_n            |    1|          2|    1|          2|
    |sbu2prt_nw_TID                    |    3|          3|    3|          9|
    |sbu2prt_nw_TKEEP                  |   32|          3|   32|         96|
    |sbu2prt_nw_TLAST                  |    1|          3|    1|          3|
    |sbu2prt_nw_TUSER                  |   12|          3|   12|         36|
    |storemerge_i1_phi_fu_595_p4       |    2|          3|    2|          6|
    |storemerge_i_reg_558              |    2|          2|    2|          4|
    |tmp_11_phi_fu_678_p4              |    1|          3|    1|          3|
    |tmp_17_phi_fu_617_p4              |    1|          3|    1|          3|
    |tmp_21_reg_808                    |    1|          2|    1|          2|
    |tmp_24_phi_fu_750_p4              |    1|          3|    1|          3|
    |tmp_data_V_12_phi_fu_729_p4       |  256|          3|  256|        768|
    |tmp_data_V_15_phi_fu_668_p4       |  256|          3|  256|        768|
    |tmp_data_V_18_phi_fu_860_p4       |  256|          3|  256|        768|
    |tmp_data_V_21_phi_fu_801_p4       |  256|          3|  256|        768|
    |tmp_data_V_3_reg_547              |  256|          2|  256|        512|
    |tmp_data_V_9_phi_fu_584_p4        |  256|          3|  256|        768|
    |tmp_id_V_12_phi_fu_699_p4         |    3|          3|    3|          9|
    |tmp_id_V_15_phi_fu_638_p4         |    3|          3|    3|          9|
    |tmp_id_V_18_phi_fu_830_p4         |    3|          3|    3|          9|
    |tmp_id_V_21_phi_fu_771_p4         |    3|          3|    3|          9|
    |tmp_keep_V_12_phi_fu_719_p4       |   32|          3|   32|         96|
    |tmp_keep_V_15_phi_fu_658_p4       |   32|          3|   32|         96|
    |tmp_keep_V_18_phi_fu_850_p4       |   32|          3|   32|         96|
    |tmp_keep_V_21_phi_fu_791_p4       |   32|          3|   32|         96|
    |tmp_last_V_12_phi_fu_709_p4       |    1|          3|    1|          3|
    |tmp_last_V_15_phi_fu_648_p4       |    1|          3|    1|          3|
    |tmp_last_V_18_phi_fu_840_p4       |    1|          3|    1|          3|
    |tmp_last_V_21_phi_fu_781_p4       |    1|          3|    1|          3|
    |tmp_user_V_12_phi_fu_689_p4       |   12|          3|   12|         36|
    |tmp_user_V_15_phi_fu_628_p4       |   12|          3|   12|         36|
    |tmp_user_V_18_phi_fu_820_p4       |   12|          3|   12|         36|
    |tmp_user_V_21_phi_fu_761_p4       |   12|          3|   12|         36|
    |val_assign_1_reg_736              |    2|          2|    2|          4|
    |val_assign_reg_603                |    2|          2|    2|          4|
    +----------------------------------+-----+-----------+-----+-----------+
    |Total                             | 3483|        184| 3483|      10688|
    +----------------------------------+-----+-----------+-----+-----------+

    * Register: 
    +----------------------------------+-----+----+-----+-----------+
    |               Name               |  FF | LUT| Bits| Const Bits|
    +----------------------------------+-----+----+-----+-----------+
    |DetectState                       |    2|   0|    2|          0|
    |DetectState_1                     |    2|   0|    2|          0|
    |DetectState_load_reg_1653         |    2|   0|    2|          0|
    |ap_CS_fsm                         |    4|   0|    4|          0|
    |ap_done_reg                       |    1|   0|    1|          0|
    |ap_reg_ioackin_sbu2prt_cx_TREADY  |    1|   0|    1|          0|
    |ap_reg_ioackin_sbu2prt_nw_TREADY  |    1|   0|    1|          0|
    |buff_data_V_reg_1677              |  256|   0|  256|          0|
    |count_V                           |   32|   0|   32|          0|
    |count_V_1                         |   32|   0|   32|          0|
    |mergeState                        |    1|   0|    1|          0|
    |mergeState_1                      |    1|   0|    1|          0|
    |mergeState_1_load_reg_1754        |    1|   0|    1|          0|
    |mergeState_load_reg_1735          |    1|   0|    1|          0|
    |reg_1096                          |   32|   0|   32|          0|
    |reg_1102                          |    3|   0|    3|          0|
    |reg_1108                          |   12|   0|   12|          0|
    |reply                             |    1|   0|    1|          0|
    |reply_1                           |    1|   0|    1|          0|
    |reply_loc_reg_536                 |    1|   0|    1|          0|
    |storemerge_i_reg_558              |    2|   0|    2|          0|
    |streamSource_V                    |    2|   0|    2|          0|
    |streamSource_V_1                  |    2|   0|    2|          0|
    |tmp_12_reg_1739                   |    1|   0|    1|          0|
    |tmp_1_reg_1668                    |    1|   0|    1|          0|
    |tmp_21_reg_808                    |    1|   0|    1|          0|
    |tmp_26_reg_1758                   |    1|   0|    1|          0|
    |tmp_data_V_3_reg_547              |  256|   0|  256|          0|
    |tmp_last_V_3_reg_1691             |    1|   0|    1|          0|
    |tmp_last_V_reg_1672               |    1|   0|    1|          0|
    |tmp_reg_1682                      |    1|   0|    1|          0|
    |val_assign_1_reg_736              |    2|   0|    2|          0|
    |val_assign_reg_603                |    2|   0|    2|          0|
    +----------------------------------+-----+----+-----+-----------+
    |Total                             |  660|   0|  660|          0|
    +----------------------------------+-----+----+-----+-----------+



================================================================
== Interface
================================================================
* Summary: 
+-------------------+-----+-----+------------+--------------------------------+--------------+
|     RTL Ports     | Dir | Bits|  Protocol  |          Source Object         |    C Type    |
+-------------------+-----+-----+------------+--------------------------------+--------------+
|ap_clk             |  in |    1| ap_ctrl_hs | example_Block_codeRepl951_proc | return value |
|ap_rst             |  in |    1| ap_ctrl_hs | example_Block_codeRepl951_proc | return value |
|ap_start           |  in |    1| ap_ctrl_hs | example_Block_codeRepl951_proc | return value |
|ap_done            | out |    1| ap_ctrl_hs | example_Block_codeRepl951_proc | return value |
|ap_continue        |  in |    1| ap_ctrl_hs | example_Block_codeRepl951_proc | return value |
|ap_idle            | out |    1| ap_ctrl_hs | example_Block_codeRepl951_proc | return value |
|ap_ready           | out |    1| ap_ctrl_hs | example_Block_codeRepl951_proc | return value |
|prt_nw2sbu_TDATA   |  in |  256|    axis    |       prt_nw2sbu_V_data_V      |    pointer   |
|prt_nw2sbu_TVALID  |  in |    1|    axis    |       prt_nw2sbu_V_user_V      |    pointer   |
|prt_nw2sbu_TREADY  | out |    1|    axis    |       prt_nw2sbu_V_user_V      |    pointer   |
|prt_nw2sbu_TUSER   |  in |   12|    axis    |       prt_nw2sbu_V_user_V      |    pointer   |
|prt_nw2sbu_TKEEP   |  in |   32|    axis    |       prt_nw2sbu_V_keep_V      |    pointer   |
|prt_nw2sbu_TLAST   |  in |    1|    axis    |       prt_nw2sbu_V_last_V      |    pointer   |
|prt_nw2sbu_TID     |  in |    3|    axis    |        prt_nw2sbu_V_id_V       |    pointer   |
|prt_cx2sbu_TDATA   |  in |  256|    axis    |       prt_cx2sbu_V_data_V      |    pointer   |
|prt_cx2sbu_TVALID  |  in |    1|    axis    |       prt_cx2sbu_V_user_V      |    pointer   |
|prt_cx2sbu_TREADY  | out |    1|    axis    |       prt_cx2sbu_V_user_V      |    pointer   |
|prt_cx2sbu_TUSER   |  in |   12|    axis    |       prt_cx2sbu_V_user_V      |    pointer   |
|prt_cx2sbu_TKEEP   |  in |   32|    axis    |       prt_cx2sbu_V_keep_V      |    pointer   |
|prt_cx2sbu_TLAST   |  in |    1|    axis    |       prt_cx2sbu_V_last_V      |    pointer   |
|prt_cx2sbu_TID     |  in |    3|    axis    |        prt_cx2sbu_V_id_V       |    pointer   |
|mlx2sbu_TDATA      |  in |  256|    axis    |        mlx2sbu_V_data_V        |    pointer   |
|mlx2sbu_TVALID     |  in |    1|    axis    |        mlx2sbu_V_user_V        |    pointer   |
|mlx2sbu_TREADY     | out |    1|    axis    |        mlx2sbu_V_user_V        |    pointer   |
|mlx2sbu_TUSER      |  in |   12|    axis    |        mlx2sbu_V_user_V        |    pointer   |
|mlx2sbu_TKEEP      |  in |   32|    axis    |        mlx2sbu_V_keep_V        |    pointer   |
|mlx2sbu_TLAST      |  in |    1|    axis    |        mlx2sbu_V_last_V        |    pointer   |
|mlx2sbu_TID        |  in |    3|    axis    |         mlx2sbu_V_id_V         |    pointer   |
|sbu2mlx_TDATA      | out |  256|    axis    |        sbu2mlx_V_data_V        |    pointer   |
|sbu2mlx_TVALID     | out |    1|    axis    |        sbu2mlx_V_user_V        |    pointer   |
|sbu2mlx_TREADY     |  in |    1|    axis    |        sbu2mlx_V_user_V        |    pointer   |
|sbu2mlx_TUSER      | out |   12|    axis    |        sbu2mlx_V_user_V        |    pointer   |
|sbu2mlx_TKEEP      | out |   32|    axis    |        sbu2mlx_V_keep_V        |    pointer   |
|sbu2mlx_TLAST      | out |    1|    axis    |        sbu2mlx_V_last_V        |    pointer   |
|sbu2mlx_TID        | out |    3|    axis    |         sbu2mlx_V_id_V         |    pointer   |
|sbu2prt_nw_TDATA   | out |  256|    axis    |       sbu2prt_nw_V_data_V      |    pointer   |
|sbu2prt_nw_TVALID  | out |    1|    axis    |       sbu2prt_nw_V_user_V      |    pointer   |
|sbu2prt_nw_TREADY  |  in |    1|    axis    |       sbu2prt_nw_V_user_V      |    pointer   |
|sbu2prt_nw_TUSER   | out |   12|    axis    |       sbu2prt_nw_V_user_V      |    pointer   |
|sbu2prt_nw_TKEEP   | out |   32|    axis    |       sbu2prt_nw_V_keep_V      |    pointer   |
|sbu2prt_nw_TLAST   | out |    1|    axis    |       sbu2prt_nw_V_last_V      |    pointer   |
|sbu2prt_nw_TID     | out |    3|    axis    |        sbu2prt_nw_V_id_V       |    pointer   |
|sbu2prt_cx_TDATA   | out |  256|    axis    |       sbu2prt_cx_V_data_V      |    pointer   |
|sbu2prt_cx_TVALID  | out |    1|    axis    |       sbu2prt_cx_V_user_V      |    pointer   |
|sbu2prt_cx_TREADY  |  in |    1|    axis    |       sbu2prt_cx_V_user_V      |    pointer   |
|sbu2prt_cx_TUSER   | out |   12|    axis    |       sbu2prt_cx_V_user_V      |    pointer   |
|sbu2prt_cx_TKEEP   | out |   32|    axis    |       sbu2prt_cx_V_keep_V      |    pointer   |
|sbu2prt_cx_TLAST   | out |    1|    axis    |       sbu2prt_cx_V_last_V      |    pointer   |
|sbu2prt_cx_TID     | out |    3|    axis    |        sbu2prt_cx_V_id_V       |    pointer   |
+-------------------+-----+-----+------------+--------------------------------+--------------+

