INFO: [XSIM 43-3496] Using init file passed via -initfile option "/opt/Xilinx/Vivado/2016.4/data/xsim/ip/xsim_ip.ini".
Vivado Simulator 2016.4
Copyright 1986-1999, 2001-2016 Xilinx, Inc. All Rights Reserved.
Running: /opt/Xilinx/Vivado/2016.4/bin/unwrapped/lnx64.o/xelab xil_defaultlib.apatb_example_top -prj example.prj --initfile /opt/Xilinx/Vivado/2016.4/data/xsim/ip/xsim_ip.ini --lib ieee_proposed=./ieee_proposed -s example 
Multi-threading is on. Using 2 slave threads.
Determining compilation order of HDL files.
WARNING: [XSIM 43-3431] One or more environment variables have been detected which affect the operation of the C compiler. These are typically not set in standard installations and are not tested by Xilinx, however they may be appropriate for your system, so the flow will attempt to continue.  If errors occur, try running fuse with the "-mt off -v 1" switches to see more information from the C compiler. The following environment variables have been detected:
INFO: [VRFC 10-2263] Analyzing SystemVerilog file "/home/ahrfry/example/ku060_solution/sim/verilog/AESL_axi_s_sbu2mlx.v" into library xil_defaultlib
INFO: [VRFC 10-311] analyzing module AESL_axi_s_sbu2mlx
INFO: [VRFC 10-2458] undeclared symbol TRAN_sbu2mlx_TREADY_temp, assumed default net type wire [/home/ahrfry/example/ku060_solution/sim/verilog/AESL_axi_s_sbu2mlx.v:157]
INFO: [VRFC 10-2263] Analyzing SystemVerilog file "/home/ahrfry/example/ku060_solution/sim/verilog/Block_codeRepl151Gfk.v" into library xil_defaultlib
INFO: [VRFC 10-311] analyzing module Block_codeRepl151Gfk_shiftReg
INFO: [VRFC 10-311] analyzing module Block_codeRepl151Gfk
INFO: [VRFC 10-2263] Analyzing SystemVerilog file "/home/ahrfry/example/ku060_solution/sim/verilog/AESL_axi_s_sbu2prt_nw.v" into library xil_defaultlib
INFO: [VRFC 10-311] analyzing module AESL_axi_s_sbu2prt_nw
INFO: [VRFC 10-2263] Analyzing SystemVerilog file "/home/ahrfry/example/ku060_solution/sim/verilog/Block_codeRepl151OgC.v" into library xil_defaultlib
INFO: [VRFC 10-311] analyzing module Block_codeRepl151OgC_shiftReg
INFO: [VRFC 10-311] analyzing module Block_codeRepl151OgC
INFO: [VRFC 10-2263] Analyzing SystemVerilog file "/home/ahrfry/example/ku060_solution/sim/verilog/example_fmul_32nsBew.v" into library xil_defaultlib
INFO: [VRFC 10-311] analyzing module example_fmul_32nsBew
INFO: [VRFC 10-2263] Analyzing SystemVerilog file "/home/ahrfry/example/ku060_solution/sim/verilog/Block_codeRepl151yd2.v" into library xil_defaultlib
INFO: [VRFC 10-311] analyzing module Block_codeRepl151yd2_ram
INFO: [VRFC 10-311] analyzing module Block_codeRepl151yd2
INFO: [VRFC 10-2263] Analyzing SystemVerilog file "/home/ahrfry/example/ku060_solution/sim/verilog/AESL_axi_s_mlx2sbu.v" into library xil_defaultlib
INFO: [VRFC 10-311] analyzing module AESL_axi_s_mlx2sbu
INFO: [VRFC 10-2263] Analyzing SystemVerilog file "/home/ahrfry/example/ku060_solution/sim/verilog/Block_codeRepl151udo.v" into library xil_defaultlib
INFO: [VRFC 10-311] analyzing module Block_codeRepl151udo_ram
INFO: [VRFC 10-311] analyzing module Block_codeRepl151udo
INFO: [VRFC 10-2263] Analyzing SystemVerilog file "/home/ahrfry/example/ku060_solution/sim/verilog/Block_codeRepl151JfO.v" into library xil_defaultlib
INFO: [VRFC 10-311] analyzing module Block_codeRepl151JfO_shiftReg
INFO: [VRFC 10-311] analyzing module Block_codeRepl151JfO
INFO: [VRFC 10-2263] Analyzing SystemVerilog file "/home/ahrfry/example/ku060_solution/sim/verilog/example_fsub_32nsAem.v" into library xil_defaultlib
INFO: [VRFC 10-311] analyzing module example_fsub_32nsAem
INFO: [VRFC 10-2263] Analyzing SystemVerilog file "/home/ahrfry/example/ku060_solution/sim/verilog/Block_codeRepl151dEe.v" into library xil_defaultlib
INFO: [VRFC 10-311] analyzing module Block_codeRepl151dEe_ram
INFO: [VRFC 10-311] analyzing module Block_codeRepl151dEe
INFO: [VRFC 10-2263] Analyzing SystemVerilog file "/home/ahrfry/example/ku060_solution/sim/verilog/Block_codeRepl151Mgi.v" into library xil_defaultlib
INFO: [VRFC 10-311] analyzing module Block_codeRepl151Mgi_shiftReg
INFO: [VRFC 10-311] analyzing module Block_codeRepl151Mgi
INFO: [VRFC 10-2263] Analyzing SystemVerilog file "/home/ahrfry/example/ku060_solution/sim/verilog/Block_codeRepl151Ffa.v" into library xil_defaultlib
INFO: [VRFC 10-311] analyzing module Block_codeRepl151Ffa_shiftReg
INFO: [VRFC 10-311] analyzing module Block_codeRepl151Ffa
INFO: [VRFC 10-2263] Analyzing SystemVerilog file "/home/ahrfry/example/ku060_solution/sim/verilog/Block_codeRepl151VhK.v" into library xil_defaultlib
INFO: [VRFC 10-311] analyzing module Block_codeRepl151VhK_shiftReg
INFO: [VRFC 10-311] analyzing module Block_codeRepl151VhK
INFO: [VRFC 10-2263] Analyzing SystemVerilog file "/home/ahrfry/example/ku060_solution/sim/verilog/Block_codeRepl151Xh4.v" into library xil_defaultlib
INFO: [VRFC 10-311] analyzing module Block_codeRepl151Xh4_shiftReg
INFO: [VRFC 10-311] analyzing module Block_codeRepl151Xh4
INFO: [VRFC 10-2263] Analyzing SystemVerilog file "/home/ahrfry/example/ku060_solution/sim/verilog/Block_codeRepl151UhA.v" into library xil_defaultlib
INFO: [VRFC 10-311] analyzing module Block_codeRepl151UhA_shiftReg
INFO: [VRFC 10-311] analyzing module Block_codeRepl151UhA
INFO: [VRFC 10-2263] Analyzing SystemVerilog file "/home/ahrfry/example/ku060_solution/sim/verilog/Block_codeRepl151WhU.v" into library xil_defaultlib
INFO: [VRFC 10-311] analyzing module Block_codeRepl151WhU_shiftReg
INFO: [VRFC 10-311] analyzing module Block_codeRepl151WhU
INFO: [VRFC 10-2263] Analyzing SystemVerilog file "/home/ahrfry/example/ku060_solution/sim/verilog/Block_codeRepl151Hfu.v" into library xil_defaultlib
INFO: [VRFC 10-311] analyzing module Block_codeRepl151Hfu_shiftReg
INFO: [VRFC 10-311] analyzing module Block_codeRepl151Hfu
INFO: [VRFC 10-2263] Analyzing SystemVerilog file "/home/ahrfry/example/ku060_solution/sim/verilog/AESL_axi_s_prt_cx2sbu.v" into library xil_defaultlib
INFO: [VRFC 10-311] analyzing module AESL_axi_s_prt_cx2sbu
INFO: [VRFC 10-2263] Analyzing SystemVerilog file "/home/ahrfry/example/ku060_solution/sim/verilog/axi_stream_pass_alt.v" into library xil_defaultlib
INFO: [VRFC 10-311] analyzing module axi_stream_pass_alt
INFO: [VRFC 10-2263] Analyzing SystemVerilog file "/home/ahrfry/example/ku060_solution/sim/verilog/AESL_fifo.v" into library xil_defaultlib
INFO: [VRFC 10-311] analyzing module fifo
INFO: [VRFC 10-2263] Analyzing SystemVerilog file "/home/ahrfry/example/ku060_solution/sim/verilog/example_fdiv_32nsCeG.v" into library xil_defaultlib
INFO: [VRFC 10-311] analyzing module example_fdiv_32nsCeG
INFO: [VRFC 10-2263] Analyzing SystemVerilog file "/home/ahrfry/example/ku060_solution/sim/verilog/example.v" into library xil_defaultlib
INFO: [VRFC 10-311] analyzing module example
INFO: [VRFC 10-2263] Analyzing SystemVerilog file "/home/ahrfry/example/ku060_solution/sim/verilog/Block_codeRepl151Rg6.v" into library xil_defaultlib
INFO: [VRFC 10-311] analyzing module Block_codeRepl151Rg6_shiftReg
INFO: [VRFC 10-311] analyzing module Block_codeRepl151Rg6
INFO: [VRFC 10-2263] Analyzing SystemVerilog file "/home/ahrfry/example/ku060_solution/sim/verilog/Block_codeRepl151Ee0.v" into library xil_defaultlib
INFO: [VRFC 10-311] analyzing module Block_codeRepl151Ee0_shiftReg
INFO: [VRFC 10-311] analyzing module Block_codeRepl151Ee0
INFO: [VRFC 10-2263] Analyzing SystemVerilog file "/home/ahrfry/example/ku060_solution/sim/verilog/example_faddfsub_zec.v" into library xil_defaultlib
INFO: [VRFC 10-311] analyzing module example_faddfsub_zec
INFO: [VRFC 10-2263] Analyzing SystemVerilog file "/home/ahrfry/example/ku060_solution/sim/verilog/Block_codeRepl151PgM.v" into library xil_defaultlib
INFO: [VRFC 10-311] analyzing module Block_codeRepl151PgM_shiftReg
INFO: [VRFC 10-311] analyzing module Block_codeRepl151PgM
INFO: [VRFC 10-2263] Analyzing SystemVerilog file "/home/ahrfry/example/ku060_solution/sim/verilog/Block_codeRepl151tde.v" into library xil_defaultlib
INFO: [VRFC 10-311] analyzing module Block_codeRepl151tde_ram
INFO: [VRFC 10-311] analyzing module Block_codeRepl151tde
INFO: [VRFC 10-2263] Analyzing SystemVerilog file "/home/ahrfry/example/ku060_solution/sim/verilog/Block_codeRepl151Ngs.v" into library xil_defaultlib
INFO: [VRFC 10-311] analyzing module Block_codeRepl151Ngs_shiftReg
INFO: [VRFC 10-311] analyzing module Block_codeRepl151Ngs
INFO: [VRFC 10-2263] Analyzing SystemVerilog file "/home/ahrfry/example/ku060_solution/sim/verilog/Block_codeRepl151QgW.v" into library xil_defaultlib
INFO: [VRFC 10-311] analyzing module Block_codeRepl151QgW_shiftReg
INFO: [VRFC 10-311] analyzing module Block_codeRepl151QgW
INFO: [VRFC 10-2263] Analyzing SystemVerilog file "/home/ahrfry/example/ku060_solution/sim/verilog/example.autotb.v" into library xil_defaultlib
INFO: [VRFC 10-311] analyzing module apatb_example_top
INFO: [VRFC 10-2263] Analyzing SystemVerilog file "/home/ahrfry/example/ku060_solution/sim/verilog/Block_codeRepl151jbC.v" into library xil_defaultlib
INFO: [VRFC 10-311] analyzing module Block_codeRepl151jbC_ram
INFO: [VRFC 10-311] analyzing module Block_codeRepl151jbC
INFO: [VRFC 10-2263] Analyzing SystemVerilog file "/home/ahrfry/example/ku060_solution/sim/verilog/Block_codeRepl151cud.v" into library xil_defaultlib
INFO: [VRFC 10-311] analyzing module Block_codeRepl151cud_ram
INFO: [VRFC 10-311] analyzing module Block_codeRepl151cud
INFO: [VRFC 10-2263] Analyzing SystemVerilog file "/home/ahrfry/example/ku060_solution/sim/verilog/Block_codeRepl151Shg.v" into library xil_defaultlib
INFO: [VRFC 10-311] analyzing module Block_codeRepl151Shg_shiftReg
INFO: [VRFC 10-311] analyzing module Block_codeRepl151Shg
INFO: [VRFC 10-2263] Analyzing SystemVerilog file "/home/ahrfry/example/ku060_solution/sim/verilog/AESL_axi_s_sbu2prt_cx.v" into library xil_defaultlib
INFO: [VRFC 10-311] analyzing module AESL_axi_s_sbu2prt_cx
INFO: [VRFC 10-2458] undeclared symbol TRAN_sbu2prt_cx_TREADY_temp, assumed default net type wire [/home/ahrfry/example/ku060_solution/sim/verilog/AESL_axi_s_sbu2prt_cx.v:157]
INFO: [VRFC 10-2263] Analyzing SystemVerilog file "/home/ahrfry/example/ku060_solution/sim/verilog/Block_codeRepl1510_p.v" into library xil_defaultlib
INFO: [VRFC 10-311] analyzing module Block_codeRepl1510_p
INFO: [VRFC 10-2263] Analyzing SystemVerilog file "/home/ahrfry/example/ku060_solution/sim/verilog/Block_codeRepl151vdy.v" into library xil_defaultlib
INFO: [VRFC 10-311] analyzing module Block_codeRepl151vdy_ram
INFO: [VRFC 10-311] analyzing module Block_codeRepl151vdy
INFO: [VRFC 10-2263] Analyzing SystemVerilog file "/home/ahrfry/example/ku060_solution/sim/verilog/Block_codeRepl151Thq.v" into library xil_defaultlib
INFO: [VRFC 10-311] analyzing module Block_codeRepl151Thq_shiftReg
INFO: [VRFC 10-311] analyzing module Block_codeRepl151Thq
INFO: [VRFC 10-2263] Analyzing SystemVerilog file "/home/ahrfry/example/ku060_solution/sim/verilog/Block_codeRepl151eOg.v" into library xil_defaultlib
INFO: [VRFC 10-311] analyzing module Block_codeRepl151eOg_ram
INFO: [VRFC 10-311] analyzing module Block_codeRepl151eOg
INFO: [VRFC 10-2263] Analyzing SystemVerilog file "/home/ahrfry/example/ku060_solution/sim/verilog/Block_codeRepl151xdS.v" into library xil_defaultlib
INFO: [VRFC 10-311] analyzing module Block_codeRepl151xdS_ram
INFO: [VRFC 10-311] analyzing module Block_codeRepl151xdS
INFO: [VRFC 10-2263] Analyzing SystemVerilog file "/home/ahrfry/example/ku060_solution/sim/verilog/Block_codeRepl151g8j.v" into library xil_defaultlib
INFO: [VRFC 10-311] analyzing module Block_codeRepl151g8j_ram
INFO: [VRFC 10-311] analyzing module Block_codeRepl151g8j
INFO: [VRFC 10-2263] Analyzing SystemVerilog file "/home/ahrfry/example/ku060_solution/sim/verilog/AESL_axi_s_prt_nw2sbu.v" into library xil_defaultlib
INFO: [VRFC 10-311] analyzing module AESL_axi_s_prt_nw2sbu
INFO: [VRFC 10-2263] Analyzing SystemVerilog file "/home/ahrfry/example/ku060_solution/sim/verilog/Block_codeRepl151bkb.v" into library xil_defaultlib
INFO: [VRFC 10-311] analyzing module Block_codeRepl151bkb_ram
INFO: [VRFC 10-311] analyzing module Block_codeRepl151bkb
INFO: [VRFC 10-2263] Analyzing SystemVerilog file "/home/ahrfry/example/ku060_solution/sim/verilog/Block_codeRepl151KfY.v" into library xil_defaultlib
INFO: [VRFC 10-311] analyzing module Block_codeRepl151KfY_shiftReg
INFO: [VRFC 10-311] analyzing module Block_codeRepl151KfY
INFO: [VRFC 10-2263] Analyzing SystemVerilog file "/home/ahrfry/example/ku060_solution/sim/verilog/Block_codeRepl151Lf8.v" into library xil_defaultlib
INFO: [VRFC 10-311] analyzing module Block_codeRepl151Lf8_shiftReg
INFO: [VRFC 10-311] analyzing module Block_codeRepl151Lf8
INFO: [VRFC 10-2263] Analyzing SystemVerilog file "/home/ahrfry/example/ku060_solution/sim/verilog/Block_codeRepl151IfE.v" into library xil_defaultlib
INFO: [VRFC 10-311] analyzing module Block_codeRepl151IfE_shiftReg
INFO: [VRFC 10-311] analyzing module Block_codeRepl151IfE
INFO: [VRFC 10-2263] Analyzing SystemVerilog file "/home/ahrfry/example/ku060_solution/sim/verilog/example_sitofp_32DeQ.v" into library xil_defaultlib
INFO: [VRFC 10-311] analyzing module example_sitofp_32DeQ
INFO: [VRFC 10-163] Analyzing VHDL file "/home/ahrfry/example/ku060_solution/sim/verilog/ip/xil_defaultlib/example_ap_fdiv_14_no_dsp_32.vhd" into library xil_defaultlib
INFO: [VRFC 10-307] analyzing entity example_ap_fdiv_14_no_dsp_32
INFO: [VRFC 10-163] Analyzing VHDL file "/home/ahrfry/example/ku060_solution/sim/verilog/ip/xil_defaultlib/example_ap_faddfsub_6_full_dsp_32.vhd" into library xil_defaultlib
INFO: [VRFC 10-307] analyzing entity example_ap_faddfsub_6_full_dsp_32
INFO: [VRFC 10-163] Analyzing VHDL file "/home/ahrfry/example/ku060_solution/sim/verilog/ip/xil_defaultlib/example_ap_fsub_6_full_dsp_32.vhd" into library xil_defaultlib
INFO: [VRFC 10-307] analyzing entity example_ap_fsub_6_full_dsp_32
INFO: [VRFC 10-163] Analyzing VHDL file "/home/ahrfry/example/ku060_solution/sim/verilog/ip/xil_defaultlib/example_ap_fmul_3_max_dsp_32.vhd" into library xil_defaultlib
INFO: [VRFC 10-307] analyzing entity example_ap_fmul_3_max_dsp_32
INFO: [VRFC 10-163] Analyzing VHDL file "/home/ahrfry/example/ku060_solution/sim/verilog/ip/xil_defaultlib/example_ap_sitofp_4_no_dsp_32.vhd" into library xil_defaultlib
INFO: [VRFC 10-307] analyzing entity example_ap_sitofp_4_no_dsp_32
Starting static elaboration
WARNING: [VRFC 10-1303] range is empty (null range) [/wrk/2016.4/nightly/2017_01_23_1756540/packages/customer/vivado/data/ip/xilinx/mult_gen_v12_0/hdl/mult_gen_v12_0_vh_rfs.vhd:2255]
WARNING: [VRFC 10-1303] range is empty (null range) [/wrk/2016.4/nightly/2017_01_23_1756540/packages/customer/vivado/data/ip/xilinx/mult_gen_v12_0/hdl/mult_gen_v12_0_vh_rfs.vhd:2240]
WARNING: [VRFC 10-1303] range is empty (null range) [/wrk/2016.4/nightly/2017_01_23_1756540/packages/customer/vivado/data/ip/xilinx/floating_point_v7_1/hdl/floating_point_v7_1_vh_rfs.vhd:90362]
WARNING: [VRFC 10-1303] range is empty (null range) [/wrk/2016.4/nightly/2017_01_23_1756540/packages/customer/vivado/data/ip/xilinx/xbip_pipe_v3_0/hdl/xbip_pipe_v3_0_vh_rfs.vhd:375]
WARNING: [VRFC 10-1303] range is empty (null range) [/wrk/2016.4/nightly/2017_01_23_1756540/packages/customer/vivado/data/ip/xilinx/floating_point_v7_1/hdl/floating_point_v7_1_vh_rfs.vhd:12604]
WARNING: [VRFC 10-1303] range is empty (null range) [/wrk/2016.4/nightly/2017_01_23_1756540/packages/customer/vivado/data/ip/xilinx/floating_point_v7_1/hdl/floating_point_v7_1_vh_rfs.vhd:12604]
WARNING: [VRFC 10-1303] range is empty (null range) [/wrk/2016.4/nightly/2017_01_23_1756540/packages/customer/vivado/data/ip/xilinx/xbip_pipe_v3_0/hdl/xbip_pipe_v3_0_vh_rfs.vhd:375]
WARNING: [VRFC 10-1303] range is empty (null range) [/wrk/2016.4/nightly/2017_01_23_1756540/packages/customer/vivado/data/ip/xilinx/xbip_pipe_v3_0/hdl/xbip_pipe_v3_0_vh_rfs.vhd:375]
WARNING: [VRFC 10-1303] range is empty (null range) [/wrk/2016.4/nightly/2017_01_23_1756540/packages/customer/vivado/data/ip/xilinx/xbip_pipe_v3_0/hdl/xbip_pipe_v3_0_vh_rfs.vhd:375]
WARNING: [VRFC 10-1303] range is empty (null range) [/wrk/2016.4/nightly/2017_01_23_1756540/packages/customer/vivado/data/ip/xilinx/xbip_pipe_v3_0/hdl/xbip_pipe_v3_0_vh_rfs.vhd:375]
WARNING: [VRFC 10-1303] range is empty (null range) [/wrk/2016.4/nightly/2017_01_23_1756540/packages/customer/vivado/data/ip/xilinx/xbip_pipe_v3_0/hdl/xbip_pipe_v3_0_vh_rfs.vhd:375]
WARNING: [VRFC 10-1303] range is empty (null range) [/wrk/2016.4/nightly/2017_01_23_1756540/packages/customer/vivado/data/ip/xilinx/xbip_pipe_v3_0/hdl/xbip_pipe_v3_0_vh_rfs.vhd:375]
WARNING: [VRFC 10-1303] range is empty (null range) [/wrk/2016.4/nightly/2017_01_23_1756540/packages/customer/vivado/data/ip/xilinx/xbip_pipe_v3_0/hdl/xbip_pipe_v3_0_vh_rfs.vhd:375]
WARNING: [VRFC 10-1303] range is empty (null range) [/wrk/2016.4/nightly/2017_01_23_1756540/packages/customer/vivado/data/ip/xilinx/xbip_pipe_v3_0/hdl/xbip_pipe_v3_0_vh_rfs.vhd:375]
WARNING: [VRFC 10-1303] range is empty (null range) [/wrk/2016.4/nightly/2017_01_23_1756540/packages/customer/vivado/data/ip/xilinx/xbip_pipe_v3_0/hdl/xbip_pipe_v3_0_vh_rfs.vhd:375]
WARNING: [VRFC 10-1303] range is empty (null range) [/wrk/2016.4/nightly/2017_01_23_1756540/packages/customer/vivado/data/ip/xilinx/xbip_pipe_v3_0/hdl/xbip_pipe_v3_0_vh_rfs.vhd:375]
WARNING: [VRFC 10-1303] range is empty (null range) [/wrk/2016.4/nightly/2017_01_23_1756540/packages/customer/vivado/data/ip/xilinx/floating_point_v7_1/hdl/floating_point_v7_1_vh_rfs.vhd:12604]
WARNING: [VRFC 10-1303] range is empty (null range) [/wrk/2016.4/nightly/2017_01_23_1756540/packages/customer/vivado/data/ip/xilinx/floating_point_v7_1/hdl/floating_point_v7_1_vh_rfs.vhd:12604]
WARNING: [VRFC 10-1303] range is empty (null range) [/wrk/2016.4/nightly/2017_01_23_1756540/packages/customer/vivado/data/ip/xilinx/floating_point_v7_1/hdl/floating_point_v7_1_vh_rfs.vhd:12604]
WARNING: [VRFC 10-1303] range is empty (null range) [/wrk/2016.4/nightly/2017_01_23_1756540/packages/customer/vivado/data/ip/xilinx/floating_point_v7_1/hdl/floating_point_v7_1_vh_rfs.vhd:12604]
WARNING: [VRFC 10-1303] range is empty (null range) [/wrk/2016.4/nightly/2017_01_23_1756540/packages/customer/vivado/data/ip/xilinx/floating_point_v7_1/hdl/floating_point_v7_1_vh_rfs.vhd:13629]
WARNING: [VRFC 10-982] library name floating_point_v7_1_3 of instantiated unit conflicts with visible identifier [/home/ahrfry/example/ku060_solution/sim/verilog/ip/xil_defaultlib/example_ap_faddfsub_6_full_dsp_32.vhd:193]
WARNING: [VRFC 10-1303] range is empty (null range) [/wrk/2016.4/nightly/2017_01_23_1756540/packages/customer/vivado/data/ip/xilinx/floating_point_v7_1/hdl/floating_point_v7_1_vh_rfs.vhd:90362]
WARNING: [VRFC 10-1303] range is empty (null range) [/wrk/2016.4/nightly/2017_01_23_1756540/packages/customer/vivado/data/ip/xilinx/floating_point_v7_1/hdl/floating_point_v7_1_vh_rfs.vhd:13629]
WARNING: [VRFC 10-982] library name floating_point_v7_1_3 of instantiated unit conflicts with visible identifier [/home/ahrfry/example/ku060_solution/sim/verilog/ip/xil_defaultlib/example_ap_fsub_6_full_dsp_32.vhd:189]
WARNING: [VRFC 10-1303] range is empty (null range) [/wrk/2016.4/nightly/2017_01_23_1756540/packages/customer/vivado/data/ip/xilinx/floating_point_v7_1/hdl/floating_point_v7_1_vh_rfs.vhd:90362]
WARNING: [VRFC 10-1303] range is empty (null range) [/wrk/2016.4/nightly/2017_01_23_1756540/packages/customer/vivado/data/ip/xilinx/floating_point_v7_1/hdl/floating_point_v7_1_vh_rfs.vhd:12604]
WARNING: [VRFC 10-1303] range is empty (null range) [/wrk/2016.4/nightly/2017_01_23_1756540/packages/customer/vivado/data/ip/xilinx/floating_point_v7_1/hdl/floating_point_v7_1_vh_rfs.vhd:12604]
WARNING: [VRFC 10-1303] range is empty (null range) [/wrk/2016.4/nightly/2017_01_23_1756540/packages/customer/vivado/data/ip/xilinx/floating_point_v7_1/hdl/floating_point_v7_1_vh_rfs.vhd:12604]
WARNING: [VRFC 10-1303] range is empty (null range) [/wrk/2016.4/nightly/2017_01_23_1756540/packages/customer/vivado/data/ip/xilinx/xbip_pipe_v3_0/hdl/xbip_pipe_v3_0_vh_rfs.vhd:375]
WARNING: [VRFC 10-1303] range is empty (null range) [/wrk/2016.4/nightly/2017_01_23_1756540/packages/customer/vivado/data/ip/xilinx/xbip_pipe_v3_0/hdl/xbip_pipe_v3_0_vh_rfs.vhd:375]
WARNING: [VRFC 10-1303] range is empty (null range) [/wrk/2016.4/nightly/2017_01_23_1756540/packages/customer/vivado/data/ip/xilinx/xbip_pipe_v3_0/hdl/xbip_pipe_v3_0_vh_rfs.vhd:375]
WARNING: [VRFC 10-1303] range is empty (null range) [/wrk/2016.4/nightly/2017_01_23_1756540/packages/customer/vivado/data/ip/xilinx/floating_point_v7_1/hdl/floating_point_v7_1_vh_rfs.vhd:12604]
WARNING: [VRFC 10-1303] range is empty (null range) [/wrk/2016.4/nightly/2017_01_23_1756540/packages/customer/vivado/data/ip/xilinx/floating_point_v7_1/hdl/floating_point_v7_1_vh_rfs.vhd:12604]
WARNING: [VRFC 10-1303] range is empty (null range) [/wrk/2016.4/nightly/2017_01_23_1756540/packages/customer/vivado/data/ip/xilinx/floating_point_v7_1/hdl/floating_point_v7_1_vh_rfs.vhd:12604]
WARNING: [VRFC 10-1303] range is empty (null range) [/wrk/2016.4/nightly/2017_01_23_1756540/packages/customer/vivado/data/ip/xilinx/floating_point_v7_1/hdl/floating_point_v7_1_vh_rfs.vhd:12604]
WARNING: [VRFC 10-1303] range is empty (null range) [/wrk/2016.4/nightly/2017_01_23_1756540/packages/customer/vivado/data/ip/xilinx/floating_point_v7_1/hdl/floating_point_v7_1_vh_rfs.vhd:12604]
WARNING: [VRFC 10-1303] range is empty (null range) [/wrk/2016.4/nightly/2017_01_23_1756540/packages/customer/vivado/data/ip/xilinx/floating_point_v7_1/hdl/floating_point_v7_1_vh_rfs.vhd:12604]
WARNING: [VRFC 10-1303] range is empty (null range) [/wrk/2016.4/nightly/2017_01_23_1756540/packages/customer/vivado/data/ip/xilinx/floating_point_v7_1/hdl/floating_point_v7_1_vh_rfs.vhd:13629]
WARNING: [VRFC 10-982] library name floating_point_v7_1_3 of instantiated unit conflicts with visible identifier [/home/ahrfry/example/ku060_solution/sim/verilog/ip/xil_defaultlib/example_ap_fmul_3_max_dsp_32.vhd:189]
WARNING: [VRFC 10-1303] range is empty (null range) [/wrk/2016.4/nightly/2017_01_23_1756540/packages/customer/vivado/data/ip/xilinx/floating_point_v7_1/hdl/floating_point_v7_1_vh_rfs.vhd:90362]
WARNING: [VRFC 10-1303] range is empty (null range) [/wrk/2016.4/nightly/2017_01_23_1756540/packages/customer/vivado/data/ip/xilinx/xbip_pipe_v3_0/hdl/xbip_pipe_v3_0_vh_rfs.vhd:375]
WARNING: [VRFC 10-1303] range is empty (null range) [/wrk/2016.4/nightly/2017_01_23_1756540/packages/customer/vivado/data/ip/xilinx/xbip_pipe_v3_0/hdl/xbip_pipe_v3_0_vh_rfs.vhd:375]
WARNING: [VRFC 10-1303] range is empty (null range) [/wrk/2016.4/nightly/2017_01_23_1756540/packages/customer/vivado/data/ip/xilinx/xbip_pipe_v3_0/hdl/xbip_pipe_v3_0_vh_rfs.vhd:375]
WARNING: [VRFC 10-1303] range is empty (null range) [/wrk/2016.4/nightly/2017_01_23_1756540/packages/customer/vivado/data/ip/xilinx/floating_point_v7_1/hdl/floating_point_v7_1_vh_rfs.vhd:12604]
WARNING: [VRFC 10-1303] range is empty (null range) [/wrk/2016.4/nightly/2017_01_23_1756540/packages/customer/vivado/data/ip/xilinx/floating_point_v7_1/hdl/floating_point_v7_1_vh_rfs.vhd:12604]
WARNING: [VRFC 10-1303] range is empty (null range) [/wrk/2016.4/nightly/2017_01_23_1756540/packages/customer/vivado/data/ip/xilinx/floating_point_v7_1/hdl/floating_point_v7_1_vh_rfs.vhd:13629]
WARNING: [VRFC 10-982] library name floating_point_v7_1_3 of instantiated unit conflicts with visible identifier [/home/ahrfry/example/ku060_solution/sim/verilog/ip/xil_defaultlib/example_ap_fdiv_14_no_dsp_32.vhd:189]
WARNING: [VRFC 10-1303] range is empty (null range) [/wrk/2016.4/nightly/2017_01_23_1756540/packages/customer/vivado/data/ip/xilinx/floating_point_v7_1/hdl/floating_point_v7_1_vh_rfs.vhd:90362]
WARNING: [VRFC 10-1303] range is empty (null range) [/wrk/2016.4/nightly/2017_01_23_1756540/packages/customer/vivado/data/ip/xilinx/xbip_pipe_v3_0/hdl/xbip_pipe_v3_0_vh_rfs.vhd:375]
WARNING: [VRFC 10-1303] range is empty (null range) [/wrk/2016.4/nightly/2017_01_23_1756540/packages/customer/vivado/data/ip/xilinx/xbip_pipe_v3_0/hdl/xbip_pipe_v3_0_vh_rfs.vhd:375]
WARNING: [VRFC 10-1303] range is empty (null range) [/wrk/2016.4/nightly/2017_01_23_1756540/packages/customer/vivado/data/ip/xilinx/floating_point_v7_1/hdl/floating_point_v7_1_vh_rfs.vhd:30530]
WARNING: [VRFC 10-1303] range is empty (null range) [/wrk/2016.4/nightly/2017_01_23_1756540/packages/customer/vivado/data/ip/xilinx/floating_point_v7_1/hdl/floating_point_v7_1_vh_rfs.vhd:13629]
WARNING: [VRFC 10-982] library name floating_point_v7_1_3 of instantiated unit conflicts with visible identifier [/home/ahrfry/example/ku060_solution/sim/verilog/ip/xil_defaultlib/example_ap_sitofp_4_no_dsp_32.vhd:185]
WARNING: [VRFC 10-597] element index -1 into write_address is out of bounds [/home/ahrfry/example/ku060_solution/sim/verilog/AESL_fifo.v:39]
WARNING: [VRFC 10-597] element index -1 into write_address is out of bounds [/home/ahrfry/example/ku060_solution/sim/verilog/AESL_fifo.v:40]
WARNING: [VRFC 10-597] element index -1 into read_address is out of bounds [/home/ahrfry/example/ku060_solution/sim/verilog/AESL_fifo.v:66]
WARNING: [VRFC 10-597] element index -1 into write_address is out of bounds [/home/ahrfry/example/ku060_solution/sim/verilog/AESL_fifo.v:82]
WARNING: [VRFC 10-597] element index -1 into read_address is out of bounds [/home/ahrfry/example/ku060_solution/sim/verilog/AESL_fifo.v:83]
WARNING: [VRFC 10-597] element index -1 into read_address is out of bounds [/home/ahrfry/example/ku060_solution/sim/verilog/AESL_fifo.v:84]
WARNING: [VRFC 10-597] element index -1 into write_address is out of bounds [/home/ahrfry/example/ku060_solution/sim/verilog/AESL_fifo.v:100]
WARNING: [VRFC 10-597] element index -1 into read_address is out of bounds [/home/ahrfry/example/ku060_solution/sim/verilog/AESL_fifo.v:101]
WARNING: [VRFC 10-597] element index -1 into read_address is out of bounds [/home/ahrfry/example/ku060_solution/sim/verilog/AESL_fifo.v:102]
WARNING: [VRFC 10-597] element index -1 into write_address is out of bounds [/home/ahrfry/example/ku060_solution/sim/verilog/AESL_fifo.v:110]
WARNING: [VRFC 10-597] element index -1 into read_address is out of bounds [/home/ahrfry/example/ku060_solution/sim/verilog/AESL_fifo.v:112]
WARNING: [VRFC 10-597] element index -1 into write_address is out of bounds [/home/ahrfry/example/ku060_solution/sim/verilog/AESL_fifo.v:114]
WARNING: [VRFC 10-597] element index -1 into write_address is out of bounds [/home/ahrfry/example/ku060_solution/sim/verilog/AESL_fifo.v:123]
WARNING: [VRFC 10-597] element index -1 into read_address is out of bounds [/home/ahrfry/example/ku060_solution/sim/verilog/AESL_fifo.v:124]
WARNING: [VRFC 10-597] element index -1 into read_address is out of bounds [/home/ahrfry/example/ku060_solution/sim/verilog/AESL_fifo.v:134]
WARNING: [VRFC 10-597] element index -1 into read_address is out of bounds [/home/ahrfry/example/ku060_solution/sim/verilog/AESL_fifo.v:135]
WARNING: [VRFC 10-597] element index -1 into write_address is out of bounds [/home/ahrfry/example/ku060_solution/sim/verilog/AESL_fifo.v:144]
WARNING: [VRFC 10-597] element index -1 into read_address is out of bounds [/home/ahrfry/example/ku060_solution/sim/verilog/AESL_fifo.v:145]
WARNING: [VRFC 10-597] element index -1 into read_address is out of bounds [/home/ahrfry/example/ku060_solution/sim/verilog/AESL_fifo.v:146]
WARNING: [VRFC 10-597] element index -1 into write_address is out of bounds [/home/ahrfry/example/ku060_solution/sim/verilog/AESL_fifo.v:189]
WARNING: [VRFC 10-597] element index -1 into read_address is out of bounds [/home/ahrfry/example/ku060_solution/sim/verilog/AESL_fifo.v:190]
WARNING: [VRFC 10-597] element index -1 into read_address is out of bounds [/home/ahrfry/example/ku060_solution/sim/verilog/AESL_fifo.v:191]
Completed static elaboration
Starting simulation data flow analysis
Completed simulation data flow analysis
Time Resolution for simulation is 1ps
Compiling package std.standard
Compiling package std.textio
Compiling package ieee.std_logic_1164
Compiling package ieee.numeric_std
Compiling package floating_point_v7_1_3.floating_point_v7_1_3_viv_comp
Compiling package xbip_utils_v3_0_7.xbip_utils_v3_0_7_pkg
Compiling package axi_utils_v2_0_3.axi_utils_v2_0_3_pkg
Compiling package floating_point_v7_1_3.floating_point_v7_1_3_consts
Compiling package ieee.math_real
Compiling package floating_point_v7_1_3.floating_point_v7_1_3_exp_table_...
Compiling package mult_gen_v12_0_12.mult_gen_v12_0_12_pkg
Compiling package ieee.std_logic_arith
Compiling package ieee.std_logic_signed
Compiling package floating_point_v7_1_3.floating_point_v7_1_3_pkg
Compiling package floating_point_v7_1_3.flt_utils
Compiling package xbip_pipe_v3_0_3.xbip_pipe_v3_0_3_viv_comp
Compiling package unisim.vcomponents
Compiling package ieee.vital_timing
Compiling package ieee.vital_primitives
Compiling package unisim.vpkg
Compiling package floating_point_v7_1_3.vt2mutils
Compiling package floating_point_v7_1_3.vt2mcomps
Compiling module xil_defaultlib.Block_codeRepl151bkb_ram
Compiling module xil_defaultlib.Block_codeRepl151bkb(DataWidth=1...
Compiling module xil_defaultlib.Block_codeRepl151cud_ram
Compiling module xil_defaultlib.Block_codeRepl151cud(DataWidth=3...
Compiling module xil_defaultlib.Block_codeRepl151dEe_ram
Compiling module xil_defaultlib.Block_codeRepl151dEe(DataWidth=1...
Compiling module xil_defaultlib.Block_codeRepl151eOg_ram
Compiling module xil_defaultlib.Block_codeRepl151eOg(DataWidth=3...
Compiling module xil_defaultlib.Block_codeRepl151g8j_ram
Compiling module xil_defaultlib.Block_codeRepl151g8j(DataWidth=2...
Compiling module xil_defaultlib.Block_codeRepl151jbC_ram
Compiling module xil_defaultlib.Block_codeRepl151jbC(DataWidth=3...
Compiling module xil_defaultlib.Block_codeRepl151tde_ram
Compiling module xil_defaultlib.Block_codeRepl151tde(DataWidth=1...
Compiling module xil_defaultlib.Block_codeRepl151udo_ram
Compiling module xil_defaultlib.Block_codeRepl151udo(DataWidth=4...
Compiling module xil_defaultlib.Block_codeRepl151vdy_ram
Compiling module xil_defaultlib.Block_codeRepl151vdy(DataWidth=3...
Compiling module xil_defaultlib.Block_codeRepl151xdS_ram
Compiling module xil_defaultlib.Block_codeRepl151xdS(DataWidth=4...
Compiling module xil_defaultlib.Block_codeRepl151yd2_ram
Compiling module xil_defaultlib.Block_codeRepl151yd2(DataWidth=3...
Compiling module xil_defaultlib.axi_stream_pass_alt
Compiling architecture muxcy_v of entity unisim.MUXCY [muxcy_default]
Compiling architecture synth of entity xbip_pipe_v3_0_3.xbip_pipe_v3_0_3_viv [\xbip_pipe_v3_0_3_viv(c_has_ce=1...]
Compiling architecture rtl of entity floating_point_v7_1_3.delay [\delay(width=7,length=0)\]
Compiling architecture struct of entity floating_point_v7_1_3.carry_chain [\carry_chain(c_xdevicefamily="ki...]
Compiling architecture synth of entity floating_point_v7_1_3.compare_eq_im [\compare_eq_im(c_xdevicefamily="...]
Compiling architecture xorcy_v of entity unisim.XORCY [xorcy_default]
Compiling architecture struct of entity floating_point_v7_1_3.carry_chain [\carry_chain(c_xdevicefamily="ki...]
Compiling architecture synth of entity xbip_pipe_v3_0_3.xbip_pipe_v3_0_3_viv [\xbip_pipe_v3_0_3_viv(c_has_ce=1...]
Compiling architecture rtl of entity floating_point_v7_1_3.delay [\delay(length=0)\]
Compiling architecture synth of entity xbip_pipe_v3_0_3.xbip_pipe_v3_0_3_viv [\xbip_pipe_v3_0_3_viv(c_has_ce=1...]
Compiling architecture rtl of entity floating_point_v7_1_3.delay [\delay(width=24,length=0,fast_in...]
Compiling architecture synth of entity xbip_pipe_v3_0_3.xbip_pipe_v3_0_3_viv [\xbip_pipe_v3_0_3_viv(c_has_ce=1...]
Compiling architecture rtl of entity floating_point_v7_1_3.delay [\delay(width=16,length=0)\]
Compiling architecture synth of entity xbip_pipe_v3_0_3.xbip_pipe_v3_0_3_viv [\xbip_pipe_v3_0_3_viv(c_has_ce=1...]
Compiling architecture rtl of entity floating_point_v7_1_3.delay [\delay(width=4,length=0)\]
Compiling architecture synth of entity xbip_pipe_v3_0_3.xbip_pipe_v3_0_3_viv [\xbip_pipe_v3_0_3_viv(c_has_ce=1...]
Compiling architecture rtl of entity floating_point_v7_1_3.delay [\delay(width=48,length=0)\]
Compiling architecture synth of entity xbip_pipe_v3_0_3.xbip_pipe_v3_0_3_viv [\xbip_pipe_v3_0_3_viv(c_has_ce=1...]
Compiling architecture rtl of entity floating_point_v7_1_3.delay [\delay(width=24,length=0)\]
Compiling architecture dsp48e1_v of entity unisim.DSP48E1 [\DSP48E1(acascreg=0,adreg=0,areg...]
Compiling architecture rtl of entity floating_point_v7_1_3.dsp48e1_wrapper [\dsp48e1_wrapper(a_width=24,c_wi...]
Compiling architecture synth of entity xbip_pipe_v3_0_3.xbip_pipe_v3_0_3_viv [\xbip_pipe_v3_0_3_viv(c_latency=...]
Compiling architecture rtl of entity floating_point_v7_1_3.delay [delay_default]
Compiling architecture synth of entity xbip_pipe_v3_0_3.xbip_pipe_v3_0_3_viv [\xbip_pipe_v3_0_3_viv(c_latency=...]
Compiling architecture rtl of entity floating_point_v7_1_3.delay [\delay(length=2)\]
Compiling architecture synth of entity xbip_pipe_v3_0_3.xbip_pipe_v3_0_3_viv [\xbip_pipe_v3_0_3_viv(c_latency=...]
Compiling architecture rtl of entity floating_point_v7_1_3.delay [\delay(width=13)\]
Compiling architecture synth of entity xbip_pipe_v3_0_3.xbip_pipe_v3_0_3_viv [\xbip_pipe_v3_0_3_viv(c_latency=...]
Compiling architecture rtl of entity floating_point_v7_1_3.delay [\delay(width=27)\]
Compiling architecture synth of entity floating_point_v7_1_3.align_add_dsp48e1_sgl [\align_add_dsp48e1_sgl(c_xdevice...]
Compiling architecture lut5_v of entity unisim.LUT5 [\LUT5(init="00000000000000001111...]
Compiling architecture lut5_v of entity unisim.LUT5 [\LUT5(init="00000000000000000000...]
Compiling architecture synth of entity xbip_pipe_v3_0_3.xbip_pipe_v3_0_3_viv [\xbip_pipe_v3_0_3_viv(c_has_ce=1...]
Compiling architecture rtl of entity floating_point_v7_1_3.delay [\delay(width=27,length=0)\]
Compiling architecture synth of entity xbip_pipe_v3_0_3.xbip_pipe_v3_0_3_viv [\xbip_pipe_v3_0_3_viv(c_latency=...]
Compiling architecture rtl of entity floating_point_v7_1_3.delay [\delay(width=16)\]
Compiling architecture synth of entity xbip_pipe_v3_0_3.xbip_pipe_v3_0_3_viv [\xbip_pipe_v3_0_3_viv(c_latency=...]
Compiling architecture rtl of entity floating_point_v7_1_3.delay [\delay(width=5)\]
Compiling architecture rtl of entity floating_point_v7_1_3.lead_zero_encode_shift [\lead_zero_encode_shift(ab_fw=24...]
Compiling architecture synth of entity xbip_pipe_v3_0_3.xbip_pipe_v3_0_3_viv [\xbip_pipe_v3_0_3_viv(c_has_ce=1...]
Compiling architecture rtl of entity floating_point_v7_1_3.delay [\delay(width=3,length=0)\]
Compiling architecture lut6_v of entity unisim.LUT6 [\LUT6(init="11111110010101001011...]
Compiling architecture lut5_v of entity unisim.LUT5 [\LUT5(init="00010001010111110000...]
Compiling architecture lut5_v of entity unisim.LUT5 [\LUT5(init="11101110101000001111...]
Compiling architecture synth of entity xbip_pipe_v3_0_3.xbip_pipe_v3_0_3_viv [\xbip_pipe_v3_0_3_viv(c_latency=...]
Compiling architecture rtl of entity floating_point_v7_1_3.delay [\delay(width=2)\]
Compiling architecture synth of entity xbip_pipe_v3_0_3.xbip_pipe_v3_0_3_viv [\xbip_pipe_v3_0_3_viv(c_has_ce=1...]
Compiling architecture rtl of entity floating_point_v7_1_3.delay [\delay(width=25,length=0)\]
Compiling architecture dsp48e1_v of entity unisim.DSP48E1 [\DSP48E1(adreg=0,bcascreg=0,breg...]
Compiling architecture rtl of entity floating_point_v7_1_3.dsp48e1_wrapper [\dsp48e1_wrapper(a_width=24,c_wi...]
Compiling architecture rtl of entity floating_point_v7_1_3.norm_and_round_dsp48e1_sgl [\norm_and_round_dsp48e1_sgl(c_mu...]
Compiling architecture lut5_v of entity unisim.LUT5 [\LUT5(init="10011001100110011001...]
Compiling architecture lut5_v of entity unisim.LUT5 [\LUT5(init="11111111000000001111...]
Compiling architecture synth of entity xbip_pipe_v3_0_3.xbip_pipe_v3_0_3_viv [\xbip_pipe_v3_0_3_viv(c_has_ce=1...]
Compiling architecture rtl of entity floating_point_v7_1_3.delay [\delay(width=9,length=0)\]
Compiling architecture struct of entity floating_point_v7_1_3.carry_chain [\carry_chain(c_xdevicefamily="ki...]
Compiling architecture synth of entity xbip_pipe_v3_0_3.xbip_pipe_v3_0_3_viv [\xbip_pipe_v3_0_3_viv(c_has_ce=1...]
Compiling architecture rtl of entity floating_point_v7_1_3.delay [\delay(width=8,length=0)\]
Compiling architecture synth of entity xbip_pipe_v3_0_3.xbip_pipe_v3_0_3_viv [\xbip_pipe_v3_0_3_viv(c_latency=...]
Compiling architecture rtl of entity floating_point_v7_1_3.delay [\delay(width=9,length=3)\]
Compiling architecture synth of entity xbip_pipe_v3_0_3.xbip_pipe_v3_0_3_viv [\xbip_pipe_v3_0_3_viv(c_has_ce=1...]
Compiling architecture rtl of entity floating_point_v7_1_3.delay [\delay(width=10,length=0)\]
Compiling architecture synth of entity xbip_pipe_v3_0_3.xbip_pipe_v3_0_3_viv [\xbip_pipe_v3_0_3_viv(c_latency=...]
Compiling architecture rtl of entity floating_point_v7_1_3.delay [\delay(width=4,fast_input=true)\]
Compiling architecture fdre_v of entity unisim.FDRE [fdre_default]
Compiling architecture fde_v of entity unisim.FDE [fde_default]
Compiling architecture struct of entity floating_point_v7_1_3.carry_chain [\carry_chain(c_xdevicefamily="ki...]
Compiling architecture synth of entity floating_point_v7_1_3.compare_eq_im [\compare_eq_im(c_xdevicefamily="...]
Compiling architecture synth of entity xbip_pipe_v3_0_3.xbip_pipe_v3_0_3_viv [\xbip_pipe_v3_0_3_viv(c_latency=...]
Compiling architecture rtl of entity floating_point_v7_1_3.delay [\delay(fast_input=true)\]
Compiling architecture rtl of entity floating_point_v7_1_3.special_detect [\special_detect(c_xdevicefamily=...]
Compiling architecture struct of entity floating_point_v7_1_3.carry_chain [\carry_chain(c_xdevicefamily="ki...]
Compiling architecture synth of entity floating_point_v7_1_3.compare_gt [\compare_gt(c_xdevicefamily="kin...]
Compiling architecture synth of entity floating_point_v7_1_3.compare [\compare(c_xdevicefamily="kintex...]
Compiling architecture synth of entity xbip_pipe_v3_0_3.xbip_pipe_v3_0_3_viv [\xbip_pipe_v3_0_3_viv(c_latency=...]
Compiling architecture rtl of entity floating_point_v7_1_3.delay [\delay(width=8)\]
Compiling architecture synth of entity xbip_pipe_v3_0_3.xbip_pipe_v3_0_3_viv [\xbip_pipe_v3_0_3_viv(c_latency=...]
Compiling architecture rtl of entity floating_point_v7_1_3.delay [\delay(width=9)\]
Compiling architecture synth of entity xbip_pipe_v3_0_3.xbip_pipe_v3_0_3_viv [\xbip_pipe_v3_0_3_viv(c_latency=...]
Compiling architecture rtl of entity floating_point_v7_1_3.delay [\delay(width=2,length=4,fast_inp...]
Compiling architecture synth of entity xbip_pipe_v3_0_3.xbip_pipe_v3_0_3_viv [\xbip_pipe_v3_0_3_viv(c_latency=...]
Compiling architecture rtl of entity floating_point_v7_1_3.delay [\delay(length=4,fast_input=true)...]
Compiling architecture synth of entity xbip_pipe_v3_0_3.xbip_pipe_v3_0_3_viv [\xbip_pipe_v3_0_3_viv(c_latency=...]
Compiling architecture rtl of entity floating_point_v7_1_3.delay [\delay(length=2,fast_input=true)...]
Compiling architecture synth of entity xbip_pipe_v3_0_3.xbip_pipe_v3_0_3_viv [\xbip_pipe_v3_0_3_viv(c_has_ce=1...]
Compiling architecture rtl of entity floating_point_v7_1_3.delay [\delay(width=4,length=0,fast_inp...]
Compiling architecture synth of entity xbip_pipe_v3_0_3.xbip_pipe_v3_0_3_viv [\xbip_pipe_v3_0_3_viv(c_has_ce=1...]
Compiling architecture rtl of entity floating_point_v7_1_3.delay [\delay(length=0,fast_input=true)...]
Compiling architecture synth of entity xbip_pipe_v3_0_3.xbip_pipe_v3_0_3_viv [\xbip_pipe_v3_0_3_viv(c_has_ce=1...]
Compiling architecture rtl of entity floating_point_v7_1_3.delay [\delay(width=2,length=0,fast_inp...]
Compiling architecture synth of entity xbip_pipe_v3_0_3.xbip_pipe_v3_0_3_viv [\xbip_pipe_v3_0_3_viv(c_has_ce=1...]
Compiling architecture rtl of entity floating_point_v7_1_3.delay [\delay(width=12,length=0)\]
Compiling architecture rtl of entity floating_point_v7_1_3.flt_add_exp_sp [\flt_add_exp_sp(c_xdevicefamily=...]
Compiling architecture synth of entity xbip_pipe_v3_0_3.xbip_pipe_v3_0_3_viv [\xbip_pipe_v3_0_3_viv(c_latency=...]
Compiling architecture rtl of entity floating_point_v7_1_3.delay [\delay(width=23)\]
Compiling architecture synth of entity floating_point_v7_1_3.flt_dec_op [\flt_dec_op(c_xdevicefamily="kin...]
Compiling architecture rtl of entity floating_point_v7_1_3.flt_add_dsp [\flt_add_dsp(c_xdevicefamily="ki...]
Compiling architecture rtl of entity floating_point_v7_1_3.flt_add [\flt_add(c_xdevicefamily="kintex...]
Compiling architecture synth of entity xbip_pipe_v3_0_3.xbip_pipe_v3_0_3_viv [\xbip_pipe_v3_0_3_viv(c_latency=...]
Compiling architecture synth of entity xbip_pipe_v3_0_3.xbip_pipe_v3_0_3_viv [\xbip_pipe_v3_0_3_viv(c_has_ce=1...]
Compiling architecture rtl of entity floating_point_v7_1_3.delay [\delay(width=32,length=0)\]
Compiling architecture xilinx of entity floating_point_v7_1_3.floating_point_v7_1_3_viv [\floating_point_v7_1_3_viv(c_xde...]
Compiling architecture xilinx of entity floating_point_v7_1_3.floating_point_v7_1_3 [\floating_point_v7_1_3(c_xdevice...]
Compiling architecture example_ap_faddfsub_6_full_dsp_32_arch of entity xil_defaultlib.example_ap_faddfsub_6_full_dsp_32 [example_ap_faddfsub_6_full_dsp_3...]
Compiling module xil_defaultlib.example_faddfsub_zec(ID=1)
Compiling architecture rtl of entity floating_point_v7_1_3.flt_add [\flt_add(c_xdevicefamily="kintex...]
Compiling architecture xilinx of entity floating_point_v7_1_3.floating_point_v7_1_3_viv [\floating_point_v7_1_3_viv(c_xde...]
Compiling architecture xilinx of entity floating_point_v7_1_3.floating_point_v7_1_3 [\floating_point_v7_1_3(c_xdevice...]
Compiling architecture example_ap_fsub_6_full_dsp_32_arch of entity xil_defaultlib.example_ap_fsub_6_full_dsp_32 [example_ap_fsub_6_full_dsp_32_de...]
Compiling module xil_defaultlib.example_fsub_32nsAem(ID=1)
Compiling architecture synth of entity xbip_pipe_v3_0_3.xbip_pipe_v3_0_3_viv [\xbip_pipe_v3_0_3_viv(c_has_ce=1...]
Compiling architecture rtl of entity floating_point_v7_1_3.delay [\delay(width=17,length=0)\]
Compiling architecture dsp48e1_v of entity unisim.DSP48E1 [\DSP48E1(acascreg=0,adreg=0,alum...]
Compiling architecture rtl of entity floating_point_v7_1_3.dsp48e1_wrapper [\dsp48e1_wrapper(a_width=24,b_wi...]
Compiling architecture dsp48e1_v of entity unisim.DSP48E1 [\DSP48E1(adreg=0,alumodereg=0,a_...]
Compiling architecture rtl of entity floating_point_v7_1_3.dsp48e1_wrapper [\dsp48e1_wrapper(a_width=24,b_wi...]
Compiling architecture struct of entity floating_point_v7_1_3.fix_mult_dsp48e1_sgl [\fix_mult_dsp48e1_sgl(registers=...]
Compiling architecture rtl of entity floating_point_v7_1_3.fix_mult [\fix_mult(c_xdevicefamily="kinte...]
Compiling architecture synth of entity xbip_pipe_v3_0_3.xbip_pipe_v3_0_3_viv [\xbip_pipe_v3_0_3_viv(c_latency=...]
Compiling architecture rtl of entity floating_point_v7_1_3.delay [\delay(width=7)\]
Compiling architecture synth of entity xbip_pipe_v3_0_3.xbip_pipe_v3_0_3_viv [\xbip_pipe_v3_0_3_viv(c_latency=...]
Compiling architecture rtl of entity floating_point_v7_1_3.delay [\delay(width=8,fast_input=true)\]
Compiling architecture struct of entity floating_point_v7_1_3.carry_chain [\carry_chain(c_xdevicefamily="ki...]
Compiling architecture struct of entity floating_point_v7_1_3.carry_chain [\carry_chain(c_xdevicefamily="ki...]
Compiling architecture synth of entity floating_point_v7_1_3.compare_eq_im [\compare_eq_im(c_xdevicefamily="...]
Compiling architecture rtl of entity floating_point_v7_1_3.special_detect [\special_detect(c_xdevicefamily=...]
Compiling architecture synth of entity xbip_pipe_v3_0_3.xbip_pipe_v3_0_3_viv [\xbip_pipe_v3_0_3_viv(c_latency=...]
Compiling architecture rtl of entity floating_point_v7_1_3.delay [\delay(width=2,fast_input=true)\]
Compiling architecture synth of entity xbip_pipe_v3_0_3.xbip_pipe_v3_0_3_viv [\xbip_pipe_v3_0_3_viv(c_has_ce=1...]
Compiling architecture rtl of entity floating_point_v7_1_3.delay [\delay(width=3,length=0,fast_inp...]
Compiling architecture synth of entity xbip_pipe_v3_0_3.xbip_pipe_v3_0_3_viv [\xbip_pipe_v3_0_3_viv(c_has_ce=1...]
Compiling architecture rtl of entity floating_point_v7_1_3.delay [\delay(width=14,length=0)\]
Compiling architecture rtl of entity floating_point_v7_1_3.flt_mult_exp [\flt_mult_exp(c_xdevicefamily="k...]
Compiling architecture synth of entity xbip_pipe_v3_0_3.xbip_pipe_v3_0_3_viv [\xbip_pipe_v3_0_3_viv(c_has_ce=1...]
Compiling architecture rtl of entity floating_point_v7_1_3.delay [\delay(width=30,length=0)\]
Compiling architecture synth of entity xbip_pipe_v3_0_3.xbip_pipe_v3_0_3_viv [\xbip_pipe_v3_0_3_viv(c_has_ce=1...]
Compiling architecture rtl of entity floating_point_v7_1_3.delay [\delay(width=18,length=0)\]
Compiling architecture dsp48e1_v of entity unisim.DSP48E1 [\DSP48E1(acascreg=0,adreg=0,alum...]
Compiling architecture rtl of entity floating_point_v7_1_3.dsp48e1_wrapper [\dsp48e1_wrapper(a_width=30,b_wi...]
Compiling architecture struct of entity floating_point_v7_1_3.flt_round_dsp_opt_full [\flt_round_dsp_opt_full(c_xdevic...]
Compiling architecture rtl of entity floating_point_v7_1_3.flt_mult_round [\flt_mult_round(c_xdevicefamily=...]
Compiling architecture synth of entity floating_point_v7_1_3.flt_dec_op_lat [\flt_dec_op_lat(c_xdevicefamily=...]
Compiling architecture rtl of entity floating_point_v7_1_3.flt_mult [\flt_mult(c_xdevicefamily="kinte...]
Compiling architecture synth of entity xbip_pipe_v3_0_3.xbip_pipe_v3_0_3_viv [\xbip_pipe_v3_0_3_viv(c_latency=...]
Compiling architecture xilinx of entity floating_point_v7_1_3.floating_point_v7_1_3_viv [\floating_point_v7_1_3_viv(c_xde...]
Compiling architecture xilinx of entity floating_point_v7_1_3.floating_point_v7_1_3 [\floating_point_v7_1_3(c_xdevice...]
Compiling architecture example_ap_fmul_3_max_dsp_32_arch of entity xil_defaultlib.example_ap_fmul_3_max_dsp_32 [example_ap_fmul_3_max_dsp_32_def...]
Compiling module xil_defaultlib.example_fmul_32nsBew(ID=1)
Compiling architecture synth of entity xbip_pipe_v3_0_3.xbip_pipe_v3_0_3_viv [\xbip_pipe_v3_0_3_viv(c_has_ce=1...]
Compiling architecture rtl of entity floating_point_v7_1_3.delay [\delay(width=23,length=0)\]
Compiling architecture synth of entity xbip_pipe_v3_0_3.xbip_pipe_v3_0_3_viv [\xbip_pipe_v3_0_3_viv(c_has_ce=1...]
Compiling architecture rtl of entity floating_point_v7_1_3.delay [\delay(width=25,length=0,fast_in...]
Compiling architecture struct of entity floating_point_v7_1_3.carry_chain [\carry_chain(c_xdevicefamily="ki...]
Compiling architecture synth of entity floating_point_v7_1_3.flt_div_mant_addsub [\flt_div_mant_addsub(c_xdevicefa...]
Compiling architecture synth of entity xbip_pipe_v3_0_3.xbip_pipe_v3_0_3_viv [\xbip_pipe_v3_0_3_viv(c_has_ce=1...]
Compiling architecture rtl of entity floating_point_v7_1_3.delay [\delay(width=26,length=0)\]
Compiling architecture synth of entity xbip_pipe_v3_0_3.xbip_pipe_v3_0_3_viv [\xbip_pipe_v3_0_3_viv(c_latency=...]
Compiling architecture rtl of entity floating_point_v7_1_3.delay [\delay(width=25,fast_input=true)...]
Compiling architecture struct of entity floating_point_v7_1_3.carry_chain [\carry_chain(c_xdevicefamily="ki...]
Compiling architecture synth of entity floating_point_v7_1_3.flt_div_mant_addsub [\flt_div_mant_addsub(c_xdevicefa...]
Compiling architecture synth of entity xbip_pipe_v3_0_3.xbip_pipe_v3_0_3_viv [\xbip_pipe_v3_0_3_viv(c_latency=...]
Compiling architecture rtl of entity floating_point_v7_1_3.delay [\delay(width=26)\]
Compiling architecture virtex of entity floating_point_v7_1_3.flt_div_mant [\flt_div_mant(c_xdevicefamily="k...]
Compiling architecture synth of entity xbip_pipe_v3_0_3.xbip_pipe_v3_0_3_viv [\xbip_pipe_v3_0_3_viv(c_latency=...]
Compiling architecture rtl of entity floating_point_v7_1_3.delay [\delay(width=10,fast_input=true)...]
Compiling architecture rtl of entity floating_point_v7_1_3.special_detect [\special_detect(c_xdevicefamily=...]
Compiling architecture synth of entity xbip_pipe_v3_0_3.xbip_pipe_v3_0_3_viv [\xbip_pipe_v3_0_3_viv(c_latency=...]
Compiling architecture rtl of entity floating_point_v7_1_3.delay [\delay(length=13,fast_input=true...]
Compiling architecture synth of entity xbip_pipe_v3_0_3.xbip_pipe_v3_0_3_viv [\xbip_pipe_v3_0_3_viv(c_latency=...]
Compiling architecture rtl of entity floating_point_v7_1_3.delay [\delay(width=8,length=12)\]
Compiling architecture synth of entity xbip_pipe_v3_0_3.xbip_pipe_v3_0_3_viv [\xbip_pipe_v3_0_3_viv(c_latency=...]
Compiling architecture rtl of entity floating_point_v7_1_3.delay [\delay(length=12,fast_input=true...]
Compiling architecture synth of entity xbip_pipe_v3_0_3.xbip_pipe_v3_0_3_viv [\xbip_pipe_v3_0_3_viv(c_latency=...]
Compiling architecture rtl of entity floating_point_v7_1_3.delay [\delay(width=3,length=12,fast_in...]
Compiling architecture synth of entity xbip_pipe_v3_0_3.xbip_pipe_v3_0_3_viv [\xbip_pipe_v3_0_3_viv(c_latency=...]
Compiling architecture rtl of entity floating_point_v7_1_3.delay [\delay(width=4,length=12,fast_in...]
Compiling architecture rtl of entity floating_point_v7_1_3.flt_div_exp [\flt_div_exp(c_xdevicefamily="no...]
Compiling architecture synth of entity xbip_pipe_v3_0_3.xbip_pipe_v3_0_3_viv [\xbip_pipe_v3_0_3_viv(c_has_ce=1...]
Compiling architecture rtl of entity floating_point_v7_1_3.delay [\delay(width=12,length=0,fast_in...]
Compiling architecture struct of entity floating_point_v7_1_3.carry_chain [\carry_chain(c_xdevicefamily="ki...]
Compiling architecture struct of entity floating_point_v7_1_3.carry_chain [\carry_chain(c_xdevicefamily="ki...]
Compiling architecture synth of entity xbip_pipe_v3_0_3.xbip_pipe_v3_0_3_viv [\xbip_pipe_v3_0_3_viv(c_has_ce=1...]
Compiling architecture rtl of entity floating_point_v7_1_3.delay [\delay(width=2,length=0)\]
Compiling architecture struct of entity floating_point_v7_1_3.carry_chain [\carry_chain(c_xdevicefamily="ki...]
Compiling architecture rtl of entity floating_point_v7_1_3.flt_round_bit [\flt_round_bit(c_xdevicefamily="...]
Compiling architecture rtl of entity floating_point_v7_1_3.renorm_and_round_logic [\renorm_and_round_logic(c_xdevic...]
Compiling architecture synth of entity floating_point_v7_1_3.flt_dec_op_lat [\flt_dec_op_lat(c_xdevicefamily=...]
Compiling architecture virtex of entity floating_point_v7_1_3.flt_div [\flt_div(c_xdevicefamily="kintex...]
Compiling architecture synth of entity xbip_pipe_v3_0_3.xbip_pipe_v3_0_3_viv [\xbip_pipe_v3_0_3_viv(c_latency=...]
Compiling architecture xilinx of entity floating_point_v7_1_3.floating_point_v7_1_3_viv [\floating_point_v7_1_3_viv(c_xde...]
Compiling architecture xilinx of entity floating_point_v7_1_3.floating_point_v7_1_3 [\floating_point_v7_1_3(c_xdevice...]
Compiling architecture example_ap_fdiv_14_no_dsp_32_arch of entity xil_defaultlib.example_ap_fdiv_14_no_dsp_32 [example_ap_fdiv_14_no_dsp_32_def...]
Compiling module xil_defaultlib.example_fdiv_32nsCeG(ID=1)
Compiling architecture synth of entity xbip_pipe_v3_0_3.xbip_pipe_v3_0_3_viv [\xbip_pipe_v3_0_3_viv(c_has_ce=1...]
Compiling architecture rtl of entity floating_point_v7_1_3.delay [\delay(width=31,length=0)\]
Compiling architecture synth of entity xbip_pipe_v3_0_3.xbip_pipe_v3_0_3_viv [\xbip_pipe_v3_0_3_viv(c_latency=...]
Compiling architecture rtl of entity floating_point_v7_1_3.delay [\delay(width=32)\]
Compiling architecture struct of entity floating_point_v7_1_3.carry_chain [\carry_chain(c_xdevicefamily="ki...]
Compiling architecture synth of entity xbip_pipe_v3_0_3.xbip_pipe_v3_0_3_viv [\xbip_pipe_v3_0_3_viv(c_latency=...]
Compiling architecture rtl of entity floating_point_v7_1_3.delay [\delay(width=4)\]
Compiling architecture rtl of entity floating_point_v7_1_3.norm_zero_det [\norm_zero_det(data_width=7,norm...]
Compiling architecture rtl of entity floating_point_v7_1_3.mux4 [\mux4(c_xdevicefamily="kintexu",...]
Compiling architecture rtl of entity floating_point_v7_1_3.mux4 [\mux4(c_xdevicefamily="kintexu",...]
Compiling architecture synth of entity xbip_pipe_v3_0_3.xbip_pipe_v3_0_3_viv [\xbip_pipe_v3_0_3_viv(c_has_ce=1...]
Compiling architecture rtl of entity floating_point_v7_1_3.delay [\delay(width=8,length=0,fast_inp...]
Compiling architecture struct of entity floating_point_v7_1_3.carry_chain [\carry_chain(c_xdevicefamily="ki...]
Compiling architecture rtl of entity floating_point_v7_1_3.lead_zero_encode [\lead_zero_encode(c_xdevicefamil...]
Compiling architecture rtl of entity floating_point_v7_1_3.shift_msb_first [\shift_msb_first(a_width=32,resu...]
Compiling architecture struct of entity floating_point_v7_1_3.carry_chain [\carry_chain(c_xdevicefamily="ki...]
Compiling architecture struct of entity floating_point_v7_1_3.carry_chain [\carry_chain(c_xdevicefamily="ki...]
Compiling architecture rtl of entity floating_point_v7_1_3.renorm_and_round_logic [\renorm_and_round_logic(c_xdevic...]
Compiling architecture synth of entity xbip_pipe_v3_0_3.xbip_pipe_v3_0_3_viv [\xbip_pipe_v3_0_3_viv(c_latency=...]
Compiling architecture rtl of entity floating_point_v7_1_3.delay [\delay(length=3)\]
Compiling architecture synth of entity floating_point_v7_1_3.fix_to_flt_conv_exp [\fix_to_flt_conv_exp(c_xdevicefa...]
Compiling architecture struct of entity floating_point_v7_1_3.fix_to_flt_conv [\fix_to_flt_conv(c_xdevicefamily...]
Compiling architecture xilinx of entity floating_point_v7_1_3.floating_point_v7_1_3_viv [\floating_point_v7_1_3_viv(c_xde...]
Compiling architecture xilinx of entity floating_point_v7_1_3.floating_point_v7_1_3 [\floating_point_v7_1_3(c_xdevice...]
Compiling architecture example_ap_sitofp_4_no_dsp_32_arch of entity xil_defaultlib.example_ap_sitofp_4_no_dsp_32 [example_ap_sitofp_4_no_dsp_32_de...]
Compiling module xil_defaultlib.example_sitofp_32DeQ(ID=1)
Compiling module xil_defaultlib.Block_codeRepl151Ee0_shiftReg(DA...
Compiling module xil_defaultlib.Block_codeRepl151Ee0
Compiling module xil_defaultlib.Block_codeRepl151Ffa_shiftReg(DA...
Compiling module xil_defaultlib.Block_codeRepl151Ffa
Compiling module xil_defaultlib.Block_codeRepl151Gfk_shiftReg(DA...
Compiling module xil_defaultlib.Block_codeRepl151Gfk
Compiling module xil_defaultlib.Block_codeRepl151Hfu_shiftReg(DA...
Compiling module xil_defaultlib.Block_codeRepl151Hfu
Compiling module xil_defaultlib.Block_codeRepl151IfE_shiftReg(DA...
Compiling module xil_defaultlib.Block_codeRepl151IfE
Compiling module xil_defaultlib.Block_codeRepl151JfO_shiftReg(DA...
Compiling module xil_defaultlib.Block_codeRepl151JfO
Compiling module xil_defaultlib.Block_codeRepl151KfY_shiftReg(DA...
Compiling module xil_defaultlib.Block_codeRepl151KfY
Compiling module xil_defaultlib.Block_codeRepl151Lf8_shiftReg(DA...
Compiling module xil_defaultlib.Block_codeRepl151Lf8
Compiling module xil_defaultlib.Block_codeRepl151Mgi_shiftReg(DA...
Compiling module xil_defaultlib.Block_codeRepl151Mgi
Compiling module xil_defaultlib.Block_codeRepl151Ngs_shiftReg(DA...
Compiling module xil_defaultlib.Block_codeRepl151Ngs
Compiling module xil_defaultlib.Block_codeRepl151OgC_shiftReg(DA...
Compiling module xil_defaultlib.Block_codeRepl151OgC
Compiling module xil_defaultlib.Block_codeRepl151PgM_shiftReg(DA...
Compiling module xil_defaultlib.Block_codeRepl151PgM
Compiling module xil_defaultlib.Block_codeRepl151QgW_shiftReg(DA...
Compiling module xil_defaultlib.Block_codeRepl151QgW
Compiling module xil_defaultlib.Block_codeRepl151Rg6_shiftReg(DA...
Compiling module xil_defaultlib.Block_codeRepl151Rg6
Compiling module xil_defaultlib.Block_codeRepl151Shg_shiftReg(DA...
Compiling module xil_defaultlib.Block_codeRepl151Shg
Compiling module xil_defaultlib.Block_codeRepl151Thq_shiftReg(DA...
Compiling module xil_defaultlib.Block_codeRepl151Thq
Compiling module xil_defaultlib.Block_codeRepl151UhA_shiftReg(DA...
Compiling module xil_defaultlib.Block_codeRepl151UhA
Compiling module xil_defaultlib.Block_codeRepl151VhK_shiftReg(DA...
Compiling module xil_defaultlib.Block_codeRepl151VhK
Compiling module xil_defaultlib.Block_codeRepl151WhU_shiftReg(DA...
Compiling module xil_defaultlib.Block_codeRepl151WhU
Compiling module xil_defaultlib.Block_codeRepl151Xh4_shiftReg(DA...
Compiling module xil_defaultlib.Block_codeRepl151Xh4
Compiling module xil_defaultlib.Block_codeRepl1510_p
Compiling module xil_defaultlib.example
Compiling module xil_defaultlib.fifo(DEPTH=1,WIDTH=256)
Compiling module xil_defaultlib.fifo(DEPTH=1,WIDTH=32)
Compiling module xil_defaultlib.fifo(DEPTH=1,WIDTH=1)
Compiling module xil_defaultlib.fifo(DEPTH=1,WIDTH=3)
Compiling module xil_defaultlib.fifo(DEPTH=1,WIDTH=12)
Compiling module xil_defaultlib.AESL_axi_s_prt_nw2sbu
Compiling module xil_defaultlib.fifo(DEPTH=0,WIDTH=256)
Compiling module xil_defaultlib.fifo(DEPTH=0,WIDTH=32)
Compiling module xil_defaultlib.fifo(DEPTH=0,WIDTH=1)
Compiling module xil_defaultlib.fifo(DEPTH=0,WIDTH=3)
Compiling module xil_defaultlib.fifo(DEPTH=0,WIDTH=12)
Compiling module xil_defaultlib.AESL_axi_s_prt_cx2sbu
Compiling module xil_defaultlib.AESL_axi_s_mlx2sbu
Compiling module xil_defaultlib.AESL_axi_s_sbu2prt_cx
Compiling module xil_defaultlib.fifo(DEPTH=2,WIDTH=256)
Compiling module xil_defaultlib.fifo(DEPTH=2,WIDTH=32)
Compiling module xil_defaultlib.fifo(DEPTH=2,WIDTH=1)
Compiling module xil_defaultlib.fifo(DEPTH=2,WIDTH=3)
Compiling module xil_defaultlib.fifo(DEPTH=2,WIDTH=12)
Compiling module xil_defaultlib.AESL_axi_s_sbu2prt_nw
Compiling module xil_defaultlib.AESL_axi_s_sbu2mlx
Compiling module xil_defaultlib.apatb_example_top
Built simulation snapshot example
